1077
1078
1076
770
1072
1075
998
1076
1072
1072
961
1078
1073
1072
1949
1073
1949
1949
1137
1074
1072
1072
1072
1949
1072
1075
1072
1072
1072
1072
1949
767
1072
1074
1072
1072
1949
1949
1949
1073
1072
983
1949
1089
1949
1949
1072
1949
1949
1072
1949
1949
1949
1949
1949
1949
1073
1949
1949
1949
1949
1074
765
1073
1088
1072
1072
1003
1144
1072
1949
1949
1072
1072
1072
1072
1075
999
1949
1083
1073
1072
1949
1949
1082
1081
1949
1073
1072
1072
1072
1072
1949
1949
1072
1949
1004
1072
1016
1949
1080
1949
1072
1073
1072
1072
1949
1072
1088
1949
1074
1949
1077
1072
1141
1072
1073
1017
1072
1949
1949
1949
1949
1072
1076
1072
1949
1949
1949
1005
1079
1949
1949
1949
1073
1087
1949
1072
1073
1949
1072
1072
1949
1072
1072
1949
1072
1072
1949
1949
1949
1072
1072
1949
1072
1949
1102
1949
1075
1072
1072
1072
1072
1072
1078
1006
1103
1078
1949
1949
1072
1949
1949
758
1073
1949
1949
1949
1949
1949
1949
1073
1072
1074
1949
1072
1088
1082
1949
1104
1072
1137
1087
1949
1949
1072
1949
1949
1949
1072
1072
1949
1072
1107
1081
1949
1077
1072
1072
1949
1949
1072
1073
749
1949
1072
1079
1949
1072
1074
1072
1096
1949
1072
1073
1136
1949
1949
1072
1075
1074
1949
1949
1072
1949
1949
1949
1949
1073
1949
1949
1073
1072
1072
1073
1949
1072
1949
747
1949
1073
1075
1074
1072
1949
1949
1072
744
1074
1949
1073
1077
1073
1072
1135
1072
1949
1076
1124
1072
1072
1949
1949
1072
1949
1949
1949
1072
1072
1072
1949
1949
1075
742
1134
695
1072
1075
1082
1072
1949
1072
1949
1949
1133
1949
1949
1949
1072
1072
1949
1072
1073
1113
1073
1949
1072
1073
1073
1949
1949
1949
1949
1073
1949
1072
1072
1072
1072
1072
1072
1949
1949
1114
1949
1016
1072
1072
1949
1949
1949
1949
1075
1949
1949
1072
1949
1110
1949
1072
1949
1086
1076
1199
1949
1082
1073
1109
1075
1073
1085
1949
1073
1949
654
1074
1072
1105
1095
1074
1072
1104
1072
1072
1073
1103
1949
1076
1106
1073
975
1072
1073
1086
1949
1949
1072
1073
1949
975
1089
1072
1078
1072
1072
1114
1949
1072
1074
677
1084
1072
1075
693
1949
1072
1072
1072
1949
1949
1172
1085
1949
1949
1072
1949
1949
1949
1076
1072
1949
1949
1074
1949
1077
1113
1004
1085
1949
1194
1073
1949
1949
1073
1073
1079
1079
1949
1003
1949
1168
1949
1072
1080
1072
1075
1084
1072
1072
1002
1072
1074
1949
1072
1949
1112
1193
1072
1001
1073
1072
1949
1949
1084
1078
1949
1083
1949
1075
1072
1949
1074
1072
1949
1074
1949
1081
1074
1073
1072
1072
1949
1949
1072
1073
1073
1072
1949
1074
1073
1072
1949
1165
1949
1111
1072
1949
1949
1000
1073
1949
1074
1072
1073
1949
1073
1074
999
1078
1072
1072
1073
1072
1072
1072
1072
1949
802
1072
1949
1949
1073
1949
1072
1074
1082
1949
1949
1110
1072
1073
1073
1072
1072
1075
1949
1109
1949
1949
1949
1949
1074
1949
1108
1949
1072
1072
1187
1073
1949
1949
1072
1949
1949
817
1949
1949
1072
825
978
1114
1075
1074
1085
1092
1116
1949
1073
1072
1072
1073
1072
1072
1077
1949
1949
977
1949
1072
1949
1949
1072
1949
1186
1074
1076
1072
1072
1073
1949
1949
1949
1072
1072
1091
1072
1072
1949
1949
1077
1073
1079
1072
1949
1079
1072
1949
843
1949
1072
1949
1076
1949
1072
1074
975
1072
1949
1100
1949
1075
1074
1078
1949
1949
1073
1073
1949
1949
1072
1099
1949
975
1082
1078
1183
1074
1949
1949
1072
1075
853
1077
1072
1072
1949
1949
1074
1075
1073
1074
1076
1949
1072
1073
873
1072
1073
1949
1073
1073
1081
1117
1949
1072
1949
1072
1088
1949
1949
1072
1077
1072
1949
1073
1129
1949
1084
1949
1089
1949
1949
1072
1072
1072
1072
1072
1072
1949
875
1072
1075
1072
1072
1949
1073
1072
1949
1095
1073
1073
1087
1072
975
1072
1949
1949
1072
1949
1072
1949
1072
1073
1087
1072
1072
1949
1949
1949
1085
1949
1074
1073
1949
1072
1949
1093
1949
1072
1949
621
1949
1086
1949
1073
1072
1072
1072
1949
1949
1072
1075
1076
1084
675
1949
1949
1072
1949
1949
1072
1072
1949
1072
1949
1085
1074
1073
1072
1072
1949
1949
1949
1072
1072
1094
1949
1072
1074
1072
975
983
1070
1949
1949
1090
1949
796
1073
1073
1074
1072
1073
1073
1073
1949
1949
1070
1949
1076
1072
1949
1949
1949
1073
675
1072
1072
1072
1072
1073
1949
1072
1072
1949
1072
1949
1072
1949
1949
1072
1092
1949
1072
1081
1072
796
980
1077
1073
1949
1085
1949
1949
1070
1949
1075
1072
1080
675
977
1949
1949
1949
1072
1949
1949
1949
1949
1072
1949
1074
1084
1072
1070
1072
1083
1949
1079
1949
1949
796
1949
1072
1072
1070
977
1072
1074
1949
1949
1085
1949
1072
1084
841
1063
1072
1949
1949
1074
1949
675
1078
1949
1949
975
1072
1949
1949
1074
1042
841
1949
1072
847
1949
1074
951
1070
1949
1072
1949
1949
1070
675
1072
1070
1949
1070
1070
1070
1073
1949
1949
1073
1070
1068
1077
1949
1949
1949
940
1072
1070
1070
1949
1076
1049
1949
1070
1066
1949
1074
1070
1076
955
1072
1949
676
1070
1949
1070
1949
1070
1070
1072
1070
1949
1072
1949
1070
1070
991
1070
1949
1949
1070
1072
945
1949
1070
1069
958
1066
1075
1070
1949
1070
1070
1070
1073
1949
1054
1949
949
1949
1949
1949
1069
1949
1949
1068
1949
1949
1949
684
1072
994
1070
960
1949
978
1049
1949
1072
1949
1072
1070
1003
1070
1949
1949
687
1949
1070
1949
955
1070
1949
948
1070
958
1949
1949
1066
1949
1949
1949
1070
1070
1070
963
1949
1070
981
1070
999
1949
1070
1070
952
1068
1070
1949
1949
1949
1070
1949
954
1949
1949
1949
1069
1070
1070
1069
1070
1061
1949
1000
1070
1070
1949
1070
1949
1949
956
1949
1949
1949
1949
1007
1059
1949
1057
1001
1055
693
1070
1949
1067
1949
1949
1070
1070
1061
1070
1949
1949
986
1070
1070
1069
1070
1013
1070
1949
1070
1949
1008
989
1949
1949
959
1949
1069
1949
1949
1070
1949
1070
1061
1070
1949
1949
1949
997
1070
1070
1070
1070
1949
1009
1949
1070
1949
1070
1070
1070
1066
1070
961
1070
1949
1949
1070
1060
1949
1949
1949
963
1949
1070
1949
1069
1070
1070
1949
1070
1070
1010
1070
1949
1070
1017
1949
972
1070
1070
1063
1070
1949
1949
1061
1949
1018
1070
1949
1949
1070
1070
1949
1949
1020
987
1949
1070
1068
1070
1949
1949
1070
693
1063
1949
989
1949
1070
1066
1949
1070
1949
976
1070
1066
1065
1949
1949
1949
1070
1070
1070
1022
1949
1069
1070
1949
1949
1070
1033
1949
1070
1070
1070
726
1949
1070
1070
1070
1070
1070
1070
1046
1036
1070
1949
1949
1070
1070
1070
1070
1070
1949
1070
1070
1070
976
1949
1949
1054
1070
1070
1949
1050
1068
1026
1070
1045
1070
1949
1949
1949
1070
1070
1070
1070
1949
1070
1949
1070
1054
1068
1070
1056
1949
1070
1070
1070
1070
1023
1949
1949
1070
1028
1065
1949
975
1068
1062
1070
1949
1069
1949
1068
1069
1070
1949
1949
1070
1029
1949
1949
1070
1949
975
1067
1056
1949
1949
1949
1070
1032
1949
1949
1949
1949
1070
1949
1949
1949
1052
1069
1949
1031
1949
1949
1070
1949
1064
1949
731
1949
1949
1070
1070
1949
1949
1949
1070
1070
1069
1068
1070
1059
1070
1038
1949
1949
1949
1070
1070
1949
981
1054
1070
1949
1949
739
1949
1949
1070
1062
1070
1949
1041
1070
1070
1949
1066
1949
1068
1949
1064
1070
1070
1949
1070
1070
1949
1949
1949
1949
1070
1070
1070
1061
1060
1070
1038
1070
991
748
1068
1068
1949
1949
1061
1070
1949
1949
1949
1045
1949
1070
1949
1069
1949
1949
1070
1070
1949
1066
1949
1070
1070
1070
1949
778
1949
1066
1064
1070
1068
1949
1949
1070
1062
1949
1070
1070
1051
1070
1070
1949
1065
1949
1949
1949
1949
1070
1949
1949
1949
1070
1949
1068
1068
1949
1070
1949
1070
784
1949
1949
1949
1949
1070
1949
1067
1949
1949
1070
1949
1949
1949
1070
1066
1070
1070
1066
1057
1070
1059
796
1949
1070
825
1070
1949
827
1070
1949
1949
1069
1064
1949
1070
1949
1070
1062
1069
1949
1070
1070
1949
831
1949
1949
1070
1949
1949
1068
1061
1949
1949
1949
1070
1070
1033
1070
1064
1949
926
1949
1070
1949
1949
1949
1949
1949
1070
1949
1070
977
1949
1068
1064
1070
1070
1070
1070
1070
1070
986
1949
1949
1070
1066
1070
1070
1070
1070
1070
1070
1949
1065
1070
1949
1070
1068
1026
1047
1070
1949
1949
1070
865
1070
1055
1064
1070
1949
1070
1064
1070
1070
868
1070
1949
1949
1067
1001
1070
1070
1070
1949
1949
1949
1949
1070
1070
1057
1035
1066
1949
1949
1949
1070
1949
1070
1070
1070
1949
1070
1051
1070
1070
1070
1039
1949
1070
1069
1070
1008
1070
1949
1949
1070
1949
1070
1949
1059
1949
1949
1069
1949
1068
1070
1061
1949
1949
1949
1949
1949
1070
1949
1070
873
1949
1070
1067
1949
1949
1949
1060
1049
1064
1068
873
1070
1070
1070
1070
1070
1070
1070
1070
1070
988
1070
1065
1949
1070
1949
1949
1070
1070
1070
1949
1949
1067
1070
1949
1070
943
1949
1949
1070
1011
1070
1070
1070
1070
1949
1949
1070
1070
1070
1014
1052
1067
1949
1022
1949
1070
1070
1070
1070
1070
1949
1062
1070
1949
1949
1070
1069
1069
1949
1070
1069
1949
1070
1949
985
1070
988
1070
1949
1039
1070
1070
1070
1069
1949
1068
1070
1070
1949
1949
1949
1066
1949
1070
1070
1949
1949
1949
1067
1949
1949
1949
1069
1949
1949
1070
990
1070
1067
1949
1949
1070
1949
1070
1070
1047
1063
1949
1065
1051
1949
1949
1069
1070
1949
1059
1949
997
1949
1070
1949
1070
1070
1070
1070
1005
1070
1949
1070
1949
1070
1062
1066
1066
1064
1066
1949
1949
1070
1949
1058
1070
1070
1036
1070
1949
1069
1949
1070
1949
1068
1070
1949
1949
1949
1023
1949
1070
1070
1949
1070
1949
1070
1070
1070
1070
1069
1949
1949
1070
1949
1038
1070
1949
1949
1070
1070
1051
1949
1949
1070
1949
1949
1949
1949
1033
1949
1949
1949
1949
1065
1070
1066
1070
1070
1070
1030
1949
1070
1070
1949
1949
1070
1062
1033
1070
1070
1068
1070
1070
1070
1070
1061
1070
1949
1949
1063
1949
1070
1038
1068
1949
1070
1949
1070
1949
1070
1949
1070
1040
1949
1049
1070
1070
1046
1949
1949
1055
1070
1949
1949
1949
1949
1070
1057
1070
1949
1057
1065
1064
1056
1064
1066
1069
1067
1068
1064
1069
1070
1070
1949
1066
1070
1070
1070
1070
1949
1070
1949
1949
1949
1066
1070
1949
1070
1949
1949
1949
1067
1067
1949
1949
1069
1949
1064
1949
1070
1070
1070
1949
1070
1949
1070
1949
1949
1070
1069
1949
1070
1070
1068
1068
1070
1060
1949
1949
1949
1069
1949
1070
1070
1070
1949
1070
1070
1949
1949
1070
1062
1949
1070
1949
1064
1949
1949
1070
1949
1070
1070
1949
1949
1949
1070
1949
1070
1949
1949
1949
1949
1949
1949
1070
1070
1069
1069
1949
1949
1949
1949
1949
