1012
1012
1011
994
993
1986
993
993
1986
1986
994
1010
993
1986
993
993
1986
996
996
1986
995
993
1986
993
1986
993
993
1986
991
1986
1986
1986
993
993
974
993
1986
993
993
1986
996
1986
972
1986
998
995
1986
993
997
996
993
1986
994
993
994
993
1986
993
1986
993
1986
1986
956
993
997
1001
1986
1986
946
943
995
1986
993
1986
1000
993
1011
994
993
994
996
993
1986
993
993
1986
995
1986
993
1006
1986
1986
993
1005
994
993
1986
995
937
936
1004
1986
1000
1986
999
1008
1986
931
1986
998
993
930
996
993
1986
1986
993
993
1004
997
1986
1986
993
1986
1986
993
928
1986
994
994
996
993
993
928
1986
993
1986
1986
993
1986
1986
929
1986
1986
1986
920
994
993
1986
999
995
993
910
1986
909
1986
993
994
995
993
899
1986
993
1986
1012
1986
1986
993
993
993
1002
899
993
1986
993
1986
1986
1986
993
897
1001
1986
1986
1000
993
1986
1986
993
996
1986
994
993
892
994
993
1986
1005
993
1986
1986
993
993
1986
994
993
1006
1986
1001
995
885
993
993
1986
994
1986
1986
993
1986
993
883
993
1986
994
1986
993
1986
1003
1002
994
993
1001
1986
1986
993
1986
993
1002
1000
994
993
993
1986
1986
994
1986
1986
998
875
993
994
993
865
1986
993
1007
993
997
1986
1986
996
995
1000
993
1008
1986
849
1986
1986
993
1986
1986
1986
846
996
995
1986
994
994
1986
994
1007
993
993
1986
1006
1986
993
1005
1986
839
1004
993
993
1986
998
1986
1986
993
848
1986
993
839
993
1001
1986
1986
993
994
1986
1986
993
1000
993
1986
993
839
839
993
1986
1986
1986
993
1986
993
1986
1986
834
995
828
995
993
994
1001
995
999
996
994
995
1986
993
993
1986
998
823
1986
993
1986
995
993
1986
994
995
994
1986
1986
993
993
994
815
996
995
995
1986
993
1986
1986
1986
801
993
993
994
1986
993
1986
1986
1986
996
799
993
995
994
1986
1986
797
993
993
993
1986
1986
993
993
795
1986
993
997
793
1986
1986
996
1986
791
790
995
995
1986
993
994
993
1986
1986
795
765
986
993
990
1986
994
1003
993
1986
993
993
1986
999
993
1986
993
1002
1986
993
1986
1986
993
1986
1001
1986
1010
1986
994
993
996
764
1986
1986
993
1986
1006
993
994
997
993
1986
1986
993
1005
764
993
1004
1986
993
1986
763
1986
764
994
1002
1986
1000
996
993
993
1001
993
750
1986
993
1986
999
996
998
1986
1986
993
993
993
998
998
997
993
1986
1986
997
993
1986
997
996
993
746
1986
735
1986
996
1986
994
993
993
999
1986
993
732
1986
1986
993
998
730
993
1986
993
1986
1986
1986
1986
997
1986
729
726
994
996
993
993
993
1986
995
1986
994
719
993
1986
1986
994
719
1986
994
993
999
1986
993
1986
718
998
993
993
711
1986
1986
1986
999
993
994
711
993
1986
993
1986
1986
998
993
1986
1986
710
1986
993
994
995
993
993
993
1986
1986
1986
1986
1986
708
994
993
1986
1009
693
993
1986
998
1986
1986
993
996
1986
690
993
1986
993
677
993
995
993
993
1986
1986
1986
675
1986
993
1986
994
1986
1986
995
1986
675
993
993
993
1986
993
1986
994
673
1986
1986
1986
993
1986
993
995
997
668
1986
998
1986
993
996
993
993
993
1986
993
995
1986
994
669
995
1986
994
994
1986
667
993
1000
1000
1986
670
993
1986
993
1986
997
1986
993
1986
1986
994
993
1986
993
1986
676
1986
1986
682
1986
684
1986
688
703
1986
995
1004
994
1005
993
1986
1986
993
994
1003
1986
708
1986
1002
993
993
1008
993
1986
993
1986
1986
711
998
993
1986
993
1986
1986
721
997
1986
993
1986
735
996
1986
995
995
1986
993
738
993
993
1986
1986
994
993
994
1986
1986
1986
1986
994
993
1986
993
993
746
993
1986
993
754
993
1986
993
758
1986
993
1986
1000
993
1001
999
993
993
794
1986
1986
1986
995
1986
993
999
796
1986
1986
993
994
994
993
996
993
1004
993
993
1986
993
800
1986
1986
1986
1986
1003
804
1986
994
1986
993
1986
993
998
993
1002
815
993
993
1986
1986
997
1986
994
994
993
1986
996
995
994
1986
993
994
820
993
1001
993
829
1986
993
1986
1986
993
1986
1005
1986
993
993
833
1986
1000
1986
1986
846
1986
855
999
993
993
1986
1986
993
857
1986
1986
1986
995
993
1986
859
994
993
993
1986
996
882
994
1986
993
994
1010
1009
993
1986
993
1986
886
1986
994
1986
993
993
993
889
1986
993
1986
1986
993
1986
993
1986
894
938
993
1000
993
1986
1986
1986
1986
1986
1986
941
997
993
1986
995
1986
993
1986
1986
997
993
994
944
994
993
993
993
993
1986
993
948
1986
1986
996
1986
1986
1986
995
995
1986
954
993
994
1986
993
1986
994
994
958
993
993
1986
993
993
1986
993
994
1007
1986
1986
1986
1006
1986
993
993
993
993
993
996
993
1986
1986
1986
993
993
1986
1986
1986
994
993
1986
993
993
971
993
976
1986
993
1986
1986
994
997
991
1986
993
993
993
1986
996
1986
993
1986
993
953
1986
949
1986
1986
995
1986
994
1986
989
1986
993
945
1986
994
991
994
994
994
1986
935
991
993
994
994
994
991
1986
994
994
1986
1986
1986
994
994
994
991
994
994
994
992
1986
991
994
994
1986
1986
994
994
1986
1986
994
994
994
930
994
927
1986
1986
994
994
993
911
994
994
909
1986
994
1986
1986
1986
994
1986
994
994
901
994
1986
994
991
991
994
1986
994
1986
1986
897
1986
991
994
1986
1986
889
991
886
991
1986
1986
884
994
1986
994
994
994
994
994
994
994
1986
1986
1986
852
994
849
994
994
1986
994
1986
1986
1986
1986
994
994
987
1986
994
1986
839
1986
991
994
994
993
802
990
1986
1986
1986
1986
800
994
1986
994
994
1986
798
994
1986
991
994
982
991
1986
994
994
1986
994
994
985
994
987
994
994
994
994
1986
1986
994
994
1986
994
994
1986
994
994
994
994
789
991
992
1986
1986
994
991
1986
994
1986
785
994
783
994
1986
994
991
994
1986
994
994
994
781
1986
994
991
1986
1986
994
994
993
993
779
1986
1986
1986
1986
1986
994
774
994
994
1986
1986
1986
1986
764
994
1986
1986
994
992
994
1986
994
1986
732
1986
994
994
994
1986
1986
1986
988
1986
729
721
991
994
994
994
1986
994
994
994
1986
1986
1986
994
994
991
1986
991
718
1986
994
994
994
994
1986
994
710
994
994
1986
994
994
695
994
1986
994
991
994
994
991
994
1986
1986
991
994
994
1986
1986
994
994
994
994
687
994
994
994
674
994
669
992
1986
994
994
994
994
994
994
1986
994
994
1986
994
994
1986
1986
994
1986
994
994
665
667
1986
667
994
994
1986
1986
994
1986
991
670
1986
992
994
1986
1986
994
994
994
994
994
672
1986
1986
993
994
677
1986
1986
994
994
994
994
683
1986
994
994
684
994
994
1986
994
991
1986
1986
994
1986
1986
1986
994
992
994
994
994
688
994
1986
1986
1986
994
688
1986
696
1986
1986
699
994
994
994
1986
702
994
994
1986
993
994
994
994
994
1986
991
994
1986
1986
1986
994
1986
703
1986
994
714
1986
994
717
991
1986
991
994
1986
1986
994
994
994
994
1986
994
991
994
1986
1986
994
1986
994
1986
994
1986
994
1986
994
721
1986
994
994
1986
735
994
1986
1986
1986
994
1986
735
994
994
994
1986
738
991
991
991
1986
1986
1986
1986
994
994
994
991
994
1986
1986
994
1986
745
994
994
745
994
994
994
994
994
994
1986
994
991
994
994
994
994
992
994
1986
1986
994
1986
751
994
992
994
1986
1986
1986
994
1986
991
754
992
994
760
993
1986
1986
1986
994
994
994
994
1986
790
994
1986
994
1986
1986
987
994
994
793
994
1986
994
1986
994
994
793
994
1986
994
994
994
994
1986
994
1986
1986
994
991
793
994
1986
994
1986
1986
994
793
994
1986
994
793
994
991
1986
994
1986
991
994
1986
1986
793
994
991
994
994
1986
991
991
994
1986
994
1986
794
994
795
1986
1986
994
994
994
994
1986
796
992
1986
1986
1986
994
1986
994
799
994
814
1986
988
1986
994
1986
994
994
1986
994
1986
1986
990
991
814
1986
994
991
1986
1986
1986
991
994
994
994
1986
994
994
994
994
1986
816
1986
1986
1986
826
1986
994
994
991
1986
994
994
994
994
991
994
994
1986
1986
1986
828
992
994
992
839
994
994
994
1986
1986
1986
1986
844
991
993
1986
1986
994
846
1986
994
994
991
1986
994
1986
993
994
1986
1986
846
994
994
994
994
1986
994
1986
1986
994
976
991
994
994
991
994
1986
994
1986
994
993
877
978
994
1986
994
1986
1986
1986
1986
994
980
1986
1986
881
994
991
988
1986
991
993
993
994
994
1986
994
881
1986
994
994
994
994
991
994
994
1986
1986
1986
1986
1986
881
994
994
1986
1986
994
994
993
882
994
1986
991
994
994
1986
994
1986
994
991
994
885
1986
994
1986
992
1986
994
886
994
1986
994
993
1986
1986
1986
1986
887
994
994
994
1986
894
994
994
1986
904
994
994
1986
994
994
1986
1986
994
1986
909
991
994
994
1986
1986
1986
1986
1986
915
994
991
1986
919
1986
1986
993
938
994
1986
986
994
994
1986
994
994
994
994
1986
1986
989
994
1986
994
994
993
994
1986
938
1986
1986
994
1986
994
991
994
994
994
994
994
1986
994
994
991
1986
991
994
994
1986
991
994
994
991
994
1986
994
1986
994
1986
994
938
994
1986
994
1986
994
938
994
1986
1986
1986
941
993
994
994
1986
994
1986
994
994
944
945
1986
994
994
948
994
994
949
1986
994
993
994
992
1986
1986
1986
994
962
1986
994
994
991
964
994
1986
1986
1986
994
994
1986
991
1986
994
966
994
994
994
1986
1986
1986
966
991
994
1986
994
994
971
994
1986
1986
994
994
993
994
1986
1986
994
1986
976
1986
994
994
992
994
1986
994
980
994
993
1986
994
1986
1986
983
1986
1986
1986
994
994
1986
991
1986
991
994
994
994
994
991
994
1986
991
994
994
991
994
1986
1986
994
1986
994
1986
994
1986
994
994
1986
1986
