724
788
726
774
789
782
785
414
782
784
758
768
788
821
740
1564
649
698
783
1564
751
1564
1564
789
782
786
782
755
782
1564
1564
650
782
1564
788
1564
783
768
831
832
782
783
782
1564
1564
787
700
782
1564
777
782
1564
1564
1564
782
746
1564
782
1564
782
1564
1564
1564
782
1564
781
829
1564
1564
1564
770
786
782
798
1564
1564
750
786
782
785
782
782
782
650
828
782
1564
772
759
1564
787
784
782
782
782
782
782
1564
1564
1564
782
649
1564
785
1564
1564
782
786
1564
786
782
784
752
1564
1564
759
1564
704
783
783
1564
1564
780
782
783
784
1564
758
1564
1564
782
706
758
720
783
1564
783
1564
1564
782
782
783
809
1564
785
1564
754
1564
1564
649
1564
764
782
782
1564
782
1564
782
782
1564
1564
1564
840
783
783
782
767
1564
1564
1564
1564
782
788
782
786
782
783
782
782
785
788
1564
1564
782
782
723
1564
1564
1564
786
1564
1564
782
784
783
758
1564
783
770
782
1564
782
781
1564
1564
784
649
790
1564
783
1564
782
782
1564
1564
1564
782
782
1564
1564
649
1564
1564
784
1564
784
1564
783
871
772
1564
783
1564
785
784
1564
782
782
1564
783
782
782
782
1564
723
782
782
783
784
1564
1564
1564
782
782
1564
758
1564
782
1564
770
1564
782
782
652
1564
1564
782
723
1564
1564
782
785
1564
1564
1564
782
782
1564
782
782
783
776
1564
782
1564
1564
882
784
1564
1564
775
782
1564
1564
1564
1564
661
779
1564
782
782
783
784
1564
782
770
1564
778
782
723
782
782
1564
1564
782
756
1564
1564
1564
1564
1564
783
782
782
783
1564
1564
1564
1564
782
1564
1564
783
785
1564
767
783
782
782
783
782
661
782
1564
782
1564
784
1564
782
784
782
764
784
1564
889
1564
780
1564
783
758
782
782
782
784
1564
1564
1564
784
782
1564
1564
1564
784
784
784
1564
669
785
1564
1564
785
793
786
782
784
758
785
782
782
1564
1564
783
1564
782
1564
777
1564
784
786
783
1564
782
668
783
783
1564
785
782
784
782
1564
782
784
1564
782
1564
881
784
1564
782
782
782
783
1564
792
1564
782
784
1564
782
784
1564
784
783
782
1564
782
1564
1564
782
671
1564
782
783
782
782
1564
1564
787
782
782
1564
722
782
1564
1564
782
1564
1564
1564
758
1564
1564
783
782
1564
1564
784
782
769
784
1564
1564
1564
1564
1564
784
1564
1564
786
782
782
836
1564
1564
1564
786
782
1564
767
777
784
696
681
784
1564
1564
784
1564
765
784
770
782
1564
786
833
774
1564
1564
1564
782
785
785
1564
778
784
784
784
784
773
785
783
767
1564
1564
782
661
785
782
784
1564
1564
768
699
784
1564
783
784
784
782
785
1564
782
786
775
1564
774
782
1564
1564
1564
1564
786
1564
783
707
1564
1564
783
1564
784
784
782
1564
784
787
783
784
1564
1564
780
782
784
785
768
786
788
1564
785
1564
778
782
784
649
782
776
1564
784
784
1564
782
1564
783
782
1564
1564
1564
784
1564
1564
1564
789
784
822
778
782
784
1564
777
1564
1564
789
784
1564
1564
782
784
1564
784
1564
1564
782
782
1564
771
784
784
782
784
783
788
784
784
782
1564
1564
784
778
710
782
784
780
782
782
1564
1564
785
1564
784
782
784
784
1564
1564
1564
1564
783
783
784
1564
784
1564
782
1564
602
782
784
782
784
1564
1564
1564
1564
794
783
1564
784
784
1564
774
782
1564
1564
780
784
786
782
1564
783
784
783
740
1564
784
784
1564
1564
783
784
786
784
782
783
782
740
782
1564
784
784
1564
782
1564
724
1564
782
1564
784
775
1564
1564
782
783
1564
784
784
1564
1564
782
1564
784
782
784
784
784
778
1564
1564
784
1564
1564
1564
784
784
782
784
784
1564
782
777
1564
782
1564
784
784
1564
1564
1564
1564
778
784
723
782
740
740
784
784
1564
1564
740
1564
780
784
740
786
740
1564
784
1564
783
740
780
1564
1564
740
1564
740
1564
1564
784
1564
784
784
784
784
784
1564
1564
782
784
782
723
788
1564
783
784
784
1564
1564
1564
782
782
1564
784
784
1564
740
1564
1564
784
785
1564
740
783
1564
1564
1564
782
784
1564
784
784
1564
1564
1564
1564
784
784
782
1564
1564
724
740
1564
1564
1564
764
782
783
784
1564
784
782
1564
782
784
1564
1564
1564
782
784
784
1564
764
782
1564
1564
784
740
728
784
764
775
1564
783
780
737
1564
784
782
784
783
784
784
757
1564
1564
1564
782
1564
790
759
777
1564
782
784
1564
1564
1564
784
740
784
784
1564
1564
784
784
786
784
784
784
779
1564
783
782
1564
784
764
784
1564
1564
783
750
782
1564
1564
1564
782
1564
782
764
784
780
1564
1564
1564
783
1564
1564
782
761
740
784
784
782
1564
1564
784
767
740
784
1564
1564
782
1564
1564
781
1564
784
1564
1564
784
784
1564
783
778
1564
784
782
782
783
774
784
1564
784
1564
777
768
1564
784
1564
1564
1564
784
1564
784
1564
771
784
1564
784
780
1564
1564
740
784
784
740
784
784
1564
1564
784
782
1564
745
1564
784
750
784
784
784
740
783
782
785
1564
752
784
780
784
784
758
784
762
784
784
782
784
764
784
782
1564
784
1564
782
1564
1564
784
1564
783
1564
1564
1564
1564
784
1564
767
784
784
778
1564
1564
782
784
1564
782
1564
740
1564
784
752
1564
784
784
1564
784
1564
782
782
782
784
758
1564
784
790
784
1564
784
764
784
770
784
784
1564
784
784
784
1564
740
783
784
1564
784
1564
1564
784
1564
1564
782
784
1564
1564
1564
1564
774
784
784
783
784
764
784
782
1564
1564
784
1564
1564
1564
784
784
1564
784
791
792
783
784
775
777
765
784
782
1564
782
784
784
754
784
1564
784
1564
784
777
784
1564
784
778
1564
1564
758
784
764
1564
1564
784
784
1564
782
784
1564
782
1564
1564
784
784
1564
1564
784
1564
784
1564
1564
750
764
1564
784
784
784
767
783
784
784
782
1564
784
1564
1564
784
781
1564
784
1564
779
1564
772
784
1564
778
1564
772
782
784
1564
1564
777
768
1564
1564
1564
784
1564
1564
784
784
784
1564
754
789
769
1564
784
783
784
784
1564
784
1564
784
780
754
781
784
1564
784
767
1564
1564
770
782
784
1564
783
1564
779
784
1564
784
784
784
1564
784
1564
783
1564
762
1564
784
1564
1564
1564
1564
772
1564
784
1564
784
770
765
782
1564
783
1564
783
782
1564
784
782
784
784
784
740
1564
784
784
1564
770
1564
784
784
786
1564
784
1564
782
784
784
1564
1564
1564
1564
1564
1564
784
784
1564
775
784
782
1564
782
784
784
784
784
775
1564
1564
1564
770
784
1564
784
784
784
1564
740
784
1564
784
1564
1564
772
1564
773
782
1564
1564
782
1564
1564
784
784
784
1564
1564
784
740
784
1564
780
784
784
784
1564
784
784
1564
782
784
1564
777
784
1564
784
782
1564
784
1564
740
784
784
1564
784
774
750
1564
784
784
784
784
1564
1564
784
1564
1564
782
775
784
1564
784
1564
784
784
784
784
784
750
1564
783
1564
1564
777
781
1564
1564
784
784
782
752
784
1564
1564
777
784
1564
1564
1564
784
784
782
784
1564
784
1564
784
768
1564
778
1564
784
783
1564
781
772
784
784
784
1564
784
784
784
781
784
782
1564
772
784
1564
784
1564
779
781
1564
1564
784
1564
784
784
772
784
784
1564
774
784
1564
774
781
1564
784
1564
777
784
1564
1564
784
784
1564
784
780
784
784
1564
1564
784
1564
782
784
782
773
1564
784
1564
1564
784
1564
781
784
784
782
778
1564
1564
784
784
1564
1564
1564
784
784
784
784
784
783
1564
1564
784
784
784
784
784
784
784
1564
1564
784
784
784
1564
783
784
784
784
1564
784
1564
1564
1564
1564
1564
784
1564
1564
1564
1564
1564
1564
1564
1564
1564
1564
1564
1564
1564
1564
784
1564
1564
1564
1564
1564
1564
1564
1564
1564
1564
1564
