858
875
906
908
909
915
1812
905
1812
909
856
1812
911
911
1812
903
911
914
911
881
911
1812
1812
1812
907
854
1812
908
1812
910
913
1812
839
927
911
1812
900
1812
1812
901
884
911
1812
909
1812
912
912
1812
911
1812
924
821
899
901
1812
1812
1812
911
1812
1812
1812
1812
911
923
909
916
888
903
909
899
908
911
1812
910
1812
911
908
904
907
1812
909
1812
900
912
913
1812
907
911
1812
910
1812
1812
912
910
1812
907
1812
909
1812
906
905
906
911
911
1812
906
901
911
908
911
900
902
1812
1812
908
905
1812
910
1812
1812
1812
913
910
1812
1812
819
911
902
911
1812
911
911
1812
810
911
911
911
902
911
1812
914
1812
900
902
911
908
1812
1812
1812
903
1812
1812
911
809
910
913
911
904
1812
911
1812
1812
1812
911
1812
1812
1812
1812
911
907
1812
796
906
1812
789
912
907
911
1812
1812
900
926
902
904
907
1812
927
1812
911
911
913
906
911
835
1812
910
907
910
911
914
908
1812
845
909
713
910
1812
1812
1812
910
911
1812
908
1812
915
850
707
1812
916
911
1812
910
911
911
911
910
855
911
1812
706
909
910
1812
1812
1812
1812
1812
1812
917
910
911
1812
1812
923
900
704
1812
904
1812
902
911
922
1812
907
911
909
909
859
904
911
908
1812
1812
1812
911
930
1812
1812
906
910
911
907
1812
903
1812
910
1812
907
911
874
910
911
908
701
1812
1812
922
911
1812
1812
911
1812
908
900
880
1812
1812
916
1812
911
699
911
909
1812
1812
910
1812
911
911
1812
1812
902
1812
908
930
698
911
917
924
910
908
909
911
1812
911
911
931
911
917
910
916
906
1812
903
1812
1812
1812
1812
688
1812
1812
911
900
1812
1812
906
885
900
921
907
1812
903
1812
1812
1812
1812
922
1812
1812
920
910
1812
1812
889
901
908
916
911
907
906
1812
911
909
908
905
911
911
1812
919
697
1812
688
915
1812
910
908
1812
908
896
1812
911
906
909
911
904
1812
911
1812
908
911
909
1812
909
903
1812
688
1812
906
1812
911
911
911
909
900
1812
914
1812
911
911
907
903
910
911
1812
1812
905
1812
702
902
1812
926
1812
911
1812
1812
913
910
911
1812
909
911
929
1812
1812
904
1812
1812
900
911
910
688
876
1812
911
911
911
917
711
909
911
1812
1812
908
911
1812
908
877
1812
1812
1812
1812
1812
931
904
908
1812
909
913
910
914
880
909
1812
911
911
907
1812
1812
911
911
911
908
1812
911
1812
915
909
886
1812
916
1812
1812
688
691
910
911
911
911
1812
901
1812
1812
910
890
915
911
1812
915
1812
1812
1812
690
909
911
911
1812
904
688
1812
1812
911
917
911
900
688
907
1812
1812
1812
1812
894
911
1812
906
1812
1812
906
912
907
916
911
911
909
910
911
911
1812
911
1812
911
911
1812
911
1812
1812
617
1812
679
911
900
911
911
689
1812
911
1812
1812
1812
1812
1812
901
910
1812
907
878
911
1812
908
911
1812
911
1812
910
911
876
908
1812
1812
714
911
906
1812
1812
909
1812
911
1812
907
1812
932
911
729
1812
909
1812
911
911
1812
911
1812
1812
731
1812
900
933
1812
903
932
906
907
1812
894
911
1812
913
910
909
900
908
1812
911
911
911
902
1812
910
735
1812
1812
900
911
1812
901
900
911
909
911
907
911
1812
917
1812
910
1812
908
906
900
1812
1812
911
908
910
906
1812
911
911
1812
1812
911
911
1812
911
914
910
911
738
1812
909
1812
747
1812
1812
909
900
901
911
1812
911
1812
1812
751
906
1812
912
1812
911
908
907
1812
900
1812
911
1812
1812
911
910
911
906
1812
907
909
900
1812
910
910
911
755
911
907
911
1812
912
1812
911
911
1812
911
911
770
1812
1812
902
901
1812
1812
911
1812
773
1812
1812
1812
911
909
907
907
906
1812
904
908
789
904
908
911
911
1812
1812
909
908
911
900
1812
907
911
1812
1812
909
910
911
1812
1812
908
1812
908
910
911
809
1812
911
1812
1812
903
1812
911
1812
911
1812
1812
1812
1812
909
1812
911
1812
811
911
910
1812
1812
819
909
911
1812
911
875
879
911
1812
928
1812
911
909
910
1812
896
911
1812
911
883
1812
1812
1812
904
910
1812
1812
906
899
1812
888
910
1812
910
910
911
905
1812
917
909
909
876
911
916
911
1812
907
1812
911
1812
911
1812
906
909
911
1812
1812
911
909
1812
897
906
1812
895
906
1812
912
909
1812
1812
820
909
1812
1812
911
1812
1812
909
909
903
882
1812
909
899
817
1812
909
904
909
909
1812
911
912
909
909
1812
1812
904
1812
907
1812
907
909
1812
900
890
1812
1812
909
1812
909
909
1812
901
1812
1812
1812
908
909
909
911
892
911
911
809
909
1812
910
1812
904
1812
906
1812
911
907
1812
909
911
894
1812
1812
1812
911
1812
907
799
1812
896
1812
909
909
911
911
909
906
896
1812
909
1812
1812
795
909
1812
1812
909
909
1812
909
1812
1812
1812
909
909
902
909
1812
909
792
1812
902
909
1812
790
909
1812
1812
1812
788
1812
907
1812
909
909
905
909
905
1812
909
729
1812
909
909
909
1812
1812
907
1812
1812
909
909
909
725
904
909
909
909
1812
1812
896
909
1812
1812
1812
909
1812
1812
909
705
909
1812
909
896
906
1812
909
1812
1812
909
1812
909
1812
689
908
909
909
909
909
1812
896
1812
909
909
909
905
909
1812
1812
1812
902
687
909
905
909
909
909
909
909
909
1812
902
909
909
1812
909
1812
908
909
679
906
1812
908
679
1812
1812
1812
1812
909
909
826
908
902
679
909
828
1812
1812
1812
908
1812
1812
909
1812
902
1812
1812
909
1812
1812
909
909
906
679
682
909
1812
837
1812
1812
909
1812
909
909
909
909
1812
909
907
909
909
909
909
909
1812
909
848
909
1812
909
906
909
1812
1812
909
1812
855
883
909
905
1812
858
909
1812
1812
909
1812
909
909
909
860
909
865
907
909
909
909
909
1812
1812
1812
909
689
909
1812
867
1812
909
887
909
1812
909
909
909
1812
908
909
1812
1812
689
1812
909
909
909
889
1812
1812
905
909
1812
1812
1812
909
909
875
909
909
904
875
1812
689
909
909
1812
907
905
909
909
875
1812
909
1812
908
1812
909
896
875
909
1812
691
1812
1812
898
909
909
909
1812
1812
1812
909
909
909
909
1812
875
902
1812
907
909
909
1812
909
1812
875
1812
1812
1812
896
909
1812
1812
909
1812
902
1812
909
909
909
908
909
896
1812
1812
902
907
909
909
696
904
1812
1812
1812
909
909
909
1812
907
1812
698
909
1812
1812
909
909
909
909
909
907
909
1812
1812
702
904
879
909
737
1812
909
909
1812
1812
909
905
1812
1812
909
909
909
909
1812
1812
738
739
909
1812
909
907
909
1812
1812
909
909
909
909
879
875
1812
905
1812
1812
909
1812
909
909
906
909
909
1812
907
909
1812
909
909
909
886
1812
908
909
909
1812
909
1812
1812
906
876
1812
1812
894
1812
896
909
1812
909
1812
1812
1812
748
879
879
1812
906
909
909
1812
896
909
909
908
909
1812
906
1812
909
1812
909
1812
1812
879
769
909
896
896
1812
1812
1812
769
909
1812
896
909
1812
902
909
909
1812
909
1812
909
896
909
909
896
909
1812
1812
904
1812
909
1812
905
909
1812
896
1812
909
909
909
907
1812
1812
898
909
909
909
909
909
1812
1812
1812
902
769
1812
909
909
1812
909
1812
1812
1812
909
909
769
770
902
1812
909
909
902
909
905
1812
906
909
909
909
772
909
909
1812
1812
902
909
1812
1812
909
1812
1812
909
1812
1812
896
907
907
788
903
1812
906
1812
1812
909
1812
909
909
909
909
1812
1812
909
902
906
909
909
909
904
1812
1812
909
909
1812
1812
909
909
909
896
905
909
1812
1812
902
1812
906
909
909
909
909
1812
792
1812
909
1812
1812
1812
1812
909
909
902
909
909
1812
909
1812
909
807
1812
909
909
1812
807
909
909
1812
1812
807
1812
896
902
904
1812
1812
809
909
909
909
1812
909
1812
908
1812
899
905
909
1812
909
909
909
1812
851
1812
909
1812
908
908
1812
908
1812
902
1812
1812
896
1812
1812
1812
896
908
1812
898
869
902
909
909
1812
1812
1812
1812
909
909
909
909
1812
909
909
909
1812
1812
909
909
909
902
872
909
1812
909
904
899
906
909
1812
874
909
909
1812
1812
1812
909
1812
902
909
909
1812
1812
909
909
1812
1812
1812
875
903
875
905
909
909
909
908
1812
902
909
909
1812
1812
909
1812
909
909
909
903
909
875
904
1812
906
1812
1812
1812
909
909
906
1812
903
875
1812
909
909
909
1812
1812
1812
1812
1812
1812
906
909
909
899
909
1812
1812
1812
909
875
906
909
1812
1812
909
909
1812
902
902
1812
909
909
909
875
909
1812
909
1812
909
909
909
905
1812
1812
909
895
1812
909
909
909
904
1812
909
1812
907
909
1812
909
909
909
1812
897
899
909
909
1812
907
909
1812
1812
905
1812
909
908
909
906
1812
1812
908
902
1812
1812
907
909
1812
1812
909
1812
909
1812
1812
909
907
1812
909
903
909
1812
1812
906
905
909
1812
1812
1812
909
1812
909
909
1812
1812
909
1812
1812
909
1812
1812
1812
