911
687
699
861
888
747
897
912
662
882
900
912
843
912
900
904
775
896
909
797
858
891
905
1618
910
907
897
1618
912
1618
1618
585
910
911
897
912
1618
912
1618
1618
911
910
873
826
901
1618
901
912
911
846
898
893
905
902
903
908
903
1618
912
1618
1618
1618
900
819
911
1618
1618
909
906
901
1618
874
912
825
1618
902
1618
912
911
911
809
907
909
1618
904
910
910
909
818
907
1618
912
1618
912
912
912
1618
908
1618
904
1618
912
847
1618
906
1618
875
824
895
1618
907
1618
902
911
757
1618
911
911
909
582
762
896
1618
903
848
1618
801
908
1618
908
881
912
912
912
904
898
1618
909
910
909
912
912
910
911
905
1618
911
910
1618
1618
911
1618
1618
911
912
908
1618
1618
1618
1618
583
905
1618
910
911
1618
900
911
803
910
1618
912
1618
1618
912
857
906
906
1618
765
1618
910
1618
1618
912
1618
912
888
586
1618
1618
813
1618
899
912
1618
1618
1618
859
1618
901
912
912
912
912
908
897
911
907
1618
812
1618
911
1618
1618
1618
673
875
814
912
1618
907
1618
912
902
1618
811
668
1618
1618
912
1618
876
899
906
909
1618
899
1618
910
908
668
907
815
1618
1618
1618
900
1618
912
909
1618
912
874
903
908
1618
1618
877
914
908
911
1618
1618
902
912
881
914
875
914
914
1618
1618
912
914
914
901
812
808
903
1618
914
1618
878
911
784
912
1618
1618
1618
910
882
902
905
1618
914
908
1618
889
914
901
685
1618
1618
1618
912
914
1618
914
1618
912
911
903
1618
786
904
914
914
814
879
1618
915
1618
1618
1618
1618
904
910
906
1618
1618
1618
907
1618
1618
583
912
914
909
914
903
1618
820
1618
896
839
909
893
910
789
1618
1618
911
911
909
1618
1618
880
905
912
1618
885
1618
1618
914
698
1618
1618
912
905
912
909
828
910
914
911
815
1618
1618
821
911
816
910
912
888
914
912
1618
1618
1618
886
1618
897
1618
894
914
840
914
911
912
1618
912
1618
841
1618
1618
908
914
1618
906
912
887
700
1618
1618
822
914
914
914
914
1618
910
1618
1618
1618
1618
910
1618
888
899
1618
1618
897
912
585
817
1618
914
901
912
914
903
911
1618
1618
1618
897
1618
912
901
914
828
906
1618
1618
906
914
907
843
908
901
912
1618
1618
1618
914
907
907
914
1618
1618
1618
706
911
910
1618
914
914
905
906
1618
896
909
908
914
905
818
1618
1618
912
908
911
1618
912
1618
1618
1618
846
1618
903
835
1618
1618
912
909
903
911
909
909
1618
914
911
1618
711
1618
910
1618
586
910
914
914
1618
914
912
819
1618
910
914
912
914
1618
1618
912
912
905
1618
1618
906
1618
914
1618
1618
1618
914
906
1618
909
914
912
914
912
912
911
1618
909
908
836
1618
914
914
1618
888
1618
912
1618
1618
914
1618
1618
912
1618
1618
914
1618
1618
820
914
592
914
914
909
1618
1618
912
1618
1618
914
1618
1618
912
914
1618
914
914
914
1618
910
1618
914
912
1618
838
908
914
601
1618
914
914
1618
1618
912
914
912
1618
914
1618
914
725
911
914
914
914
1618
914
892
914
1618
1618
914
914
821
1618
1618
1618
1618
914
1618
1618
1618
1618
1618
1618
914
862
839
1618
843
914
1618
911
824
1618
914
1618
1618
912
1618
825
1618
1618
914
911
1618
914
914
914
1618
914
912
1618
914
716
1618
914
914
1618
914
1618
1618
914
834
1618
893
1618
844
849
910
914
914
914
860
1618
914
604
1618
1618
914
1618
911
911
1618
914
914
898
914
1618
1618
910
914
914
914
914
914
1618
1618
914
1618
900
914
1618
721
1618
1618
914
1618
914
911
912
1618
912
606
837
1618
911
1618
887
912
1618
1618
1618
1618
914
1618
856
914
878
914
1618
1618
1618
888
1618
901
1618
914
1618
914
1618
1618
914
911
1618
889
1618
1618
914
914
633
1618
1618
914
914
725
880
1618
914
1618
914
1618
1618
728
914
914
1618
914
839
914
910
1618
914
914
914
914
635
1618
1618
914
914
914
733
894
914
1618
902
1618
914
912
1618
912
914
1618
1618
910
914
840
912
914
903
914
1618
850
914
882
914
914
1618
637
911
1618
914
914
914
1618
914
914
1618
914
914
914
914
914
914
910
914
914
883
1618
905
914
914
904
1618
914
1618
912
1618
914
1618
741
914
896
898
1618
1618
1618
1618
1618
911
1618
905
907
914
861
1618
1618
1618
914
914
914
1618
914
914
1618
885
1618
1618
706
1618
1618
1618
1618
914
1618
1618
914
1618
1618
908
1618
1618
914
1618
909
1618
914
743
909
912
1618
906
912
906
1618
914
1618
709
914
1618
903
910
1618
1618
914
864
896
1618
910
914
1618
911
865
747
1618
912
914
914
1618
1618
907
1618
910
1618
914
1618
869
914
912
911
914
914
912
911
914
779
897
914
905
1618
906
891
908
752
912
826
911
914
1618
912
908
1618
914
914
898
896
1618
1618
909
912
897
914
1618
914
914
914
912
914
1618
1618
900
783
1618
1618
914
1618
908
1618
914
914
1618
914
1618
1618
912
914
914
1618
899
914
1618
914
910
755
914
1618
1618
892
820
909
1618
914
910
914
1618
914
880
914
1618
1618
1618
901
900
908
914
910
1618
909
1618
914
914
914
1618
851
1618
904
1618
1618
911
914
914
914
1618
1618
914
914
914
911
1618
914
1618
1618
1618
909
914
914
902
1618
914
914
914
911
1618
914
1618
903
910
1618
821
912
912
1618
914
1618
1618
914
914
906
907
1618
902
911
912
914
914
914
904
1618
852
1618
914
912
914
914
914
1618
911
1618
914
911
1618
912
914
1618
914
914
914
1618
914
914
1618
914
908
1618
914
1618
914
1618
1618
1618
914
908
914
914
1618
822
1618
911
1618
1618
1618
1618
914
854
912
914
912
911
914
914
911
1618
914
914
914
1618
1618
914
1618
912
912
862
1618
914
914
914
911
914
914
1618
914
823
1618
912
1618
914
914
914
914
914
914
1618
1618
888
1618
908
863
1618
912
1618
914
850
1618
1618
914
914
914
1618
914
1618
914
910
914
912
914
869
914
912
914
914
885
909
914
914
914
914
912
914
1618
914
914
914
1618
914
1618
914
914
914
1618
1618
1618
853
912
1618
1618
1618
910
889
1618
914
1618
911
1618
914
914
914
1618
914
914
1618
1618
1618
1618
1618
899
1618
865
1618
914
887
890
914
1618
1618
914
1618
1618
1618
914
1618
867
1618
1618
1618
914
914
914
914
914
914
914
904
903
914
1618
914
914
914
1618
914
914
903
1618
908
914
1618
911
1618
911
900
1618
914
1618
914
1618
914
1618
1618
1618
914
914
914
1618
911
1618
1618
911
914
891
1618
1618
869
914
914
909
1618
911
1618
910
901
902
910
914
904
914
914
914
1618
909
914
914
912
912
914
1618
1618
903
914
882
1618
1618
1618
914
910
912
914
1618
914
914
1618
1618
912
1618
1618
1618
910
1618
914
914
914
914
914
903
1618
1618
914
912
903
910
911
1618
912
911
1618
1618
1618
914
895
1618
1618
905
1618
914
1618
902
1618
912
914
914
1618
1618
1618
904
911
914
1618
1618
1618
1618
1618
914
1618
914
1618
914
914
1618
914
914
1618
1618
914
912
914
909
1618
914
914
1618
914
908
906
1618
1618
914
914
897
1618
1618
910
914
914
1618
914
911
914
1618
908
911
1618
1618
1618
1618
1618
1618
906
914
1618
1618
910
914
914
912
1618
914
1618
914
914
1618
911
914
914
912
909
1618
1618
1618
911
914
914
1618
1618
914
911
914
914
914
1618
914
1618
914
914
1618
912
912
1618
914
1618
914
912
1618
910
1618
914
1618
914
914
914
1618
1618
912
1618
1618
914
914
914
1618
912
914
914
914
1618
1618
914
1618
912
1618
1618
1618
914
914
910
1618
1618
914
1618
1618
914
1618
914
1618
914
914
914
914
914
914
1618
912
914
914
1618
912
914
914
914
914
914
914
1618
914
1618
914
914
914
1618
914
914
1618
1618
1618
1618
1618
1618
1618
914
914
1618
914
1618
1618
1618
914
914
914
914
1618
914
914
1618
1618
914
1618
1618
1618
1618
1618
1618
1618
914
1618
1618
1618
1618
1618
1618
1618
1618
1618
1618
914
1618
1618
1618
1618
1618
1618
1618
1618
914
1618
