856
851
832
856
895
856
1687
873
856
856
857
856
856
858
856
856
1687
856
860
856
857
1687
1687
868
845
860
1687
846
827
856
1687
1687
857
856
856
872
1687
1687
1687
859
1687
856
877
940
856
1687
1687
1687
857
856
858
858
858
858
859
1687
857
1687
785
857
856
860
1687
1687
856
859
857
860
856
949
1687
1687
856
865
856
873
1687
776
872
856
856
952
856
1687
1687
866
1687
857
1687
856
858
1687
1687
1687
856
865
858
861
856
1687
856
1687
1687
857
710
860
857
1687
856
1687
856
861
1687
861
1687
1687
856
856
962
856
963
859
856
859
1687
1687
856
864
858
919
1687
1687
1687
856
862
857
1687
860
1687
705
858
857
858
1687
857
856
856
856
856
856
858
1687
856
1687
968
863
858
856
1687
1687
856
1687
856
1687
858
690
856
1687
1687
1687
1687
856
1687
856
856
916
1687
857
857
857
844
856
1687
856
857
1687
1687
856
1687
856
1687
1687
1687
863
856
1687
856
857
856
1687
856
1687
887
1687
856
856
856
1687
687
856
861
1687
1687
856
1687
856
1687
856
1687
684
863
856
1687
918
1687
856
1687
912
1687
860
1687
856
1687
917
856
856
1687
866
856
856
862
1687
1687
858
1687
682
1687
881
916
856
857
1687
1687
1687
856
856
1687
880
1687
856
861
884
1687
1687
915
856
856
858
1687
1687
671
1687
1687
856
856
1687
856
1687
1687
856
867
857
856
1687
857
862
883
1687
862
1687
856
1687
857
882
1687
668
860
859
865
856
881
856
1687
857
865
856
860
857
1687
856
1687
858
857
864
856
1687
856
856
1687
856
859
1687
859
856
1687
1687
856
856
1687
1687
1687
1687
665
856
663
1687
857
856
858
1687
1687
858
856
890
861
856
860
1687
1687
1687
631
856
860
1687
857
856
856
1687
856
856
1687
857
1687
1687
1687
856
1687
858
1687
856
859
859
857
857
628
1687
856
1687
1687
1687
858
856
856
1687
856
1687
856
856
856
1687
858
1687
1687
858
567
859
1687
1687
1687
856
857
858
857
1687
874
856
1687
1687
856
858
857
856
858
1687
1687
856
875
1687
858
856
856
856
856
862
857
565
856
856
857
1687
574
1687
1687
1687
857
1687
856
856
1687
861
856
1687
856
857
1687
1687
849
856
1687
1687
1687
857
1687
1687
860
856
856
856
1687
1687
856
1687
892
856
860
856
856
1687
856
857
856
1687
1687
940
1687
856
661
856
1687
856
1687
1687
1687
1687
1687
856
856
845
857
856
896
856
1687
1687
1687
1687
844
858
859
1687
857
856
856
666
867
1687
856
856
1687
1687
1687
1687
1687
856
1687
1687
937
856
885
858
857
859
1687
1687
869
856
884
1687
1687
1687
856
883
702
856
1687
704
1687
856
707
710
856
856
1687
1687
856
863
857
857
1687
856
856
1687
856
1687
859
1687
1687
862
1687
880
1687
856
844
863
1687
879
1687
844
1687
870
856
856
714
856
878
727
856
930
1687
856
856
1687
1687
1687
857
856
850
1687
1687
1687
858
1687
1687
856
856
856
859
1687
857
857
1687
919
1687
857
865
856
1687
1687
1687
856
851
1687
866
857
856
856
1687
856
856
856
856
732
1687
908
859
1687
864
856
1687
856
1687
856
907
1687
856
1687
856
1687
1687
856
856
865
735
1687
906
856
856
858
856
859
1687
856
1687
1687
856
1687
1687
1687
858
1687
856
1687
1687
859
856
1687
856
1687
739
857
856
1687
1687
856
858
1687
861
1687
901
857
871
870
867
856
856
860
1687
1687
856
856
859
1687
1687
1687
1687
857
856
858
777
869
1687
1687
857
1687
1687
856
856
867
1687
1687
1687
844
863
1687
856
856
856
856
857
860
844
856
856
882
1687
856
856
857
856
1687
1687
831
1687
872
1687
856
1687
858
1687
856
868
856
1687
1687
1687
856
1687
859
860
1687
1687
1687
1687
856
856
856
856
1687
606
1687
1687
603
1687
858
856
1687
856
1687
1687
1687
869
856
772
600
857
856
856
857
1687
1687
856
1687
1687
861
1687
1687
1687
854
854
1687
1687
1687
1687
861
829
775
856
856
1687
1687
856
1687
1687
595
856
586
860
829
860
854
1687
859
1687
852
1687
1687
1687
856
854
1687
856
777
1687
854
856
856
856
579
1687
854
854
777
856
854
841
1687
1687
1687
858
857
1687
857
1687
844
857
1687
829
1687
862
854
1687
1687
851
854
856
854
843
1687
856
854
856
777
856
839
856
1687
1687
859
856
1687
854
854
854
830
847
1687
1687
1687
1687
854
854
854
1687
568
1687
829
854
854
854
848
854
854
1687
1687
858
854
849
854
1687
854
1687
854
854
849
853
829
1687
854
852
854
854
852
851
1687
857
856
854
854
854
832
1687
854
854
854
1687
564
1687
1687
853
1687
1687
854
829
1687
854
854
849
847
1687
854
1687
854
854
852
1687
1687
1687
1687
854
1687
1687
834
1687
1687
854
854
850
829
829
854
854
853
1687
1687
852
1687
829
568
1687
1687
579
1687
854
582
854
854
849
854
854
1687
1687
1687
854
1687
854
854
854
590
854
829
854
1687
853
854
853
854
854
1687
1687
854
1687
854
854
854
829
854
1687
1687
1687
850
854
854
854
834
854
854
1687
1687
854
852
1687
841
1687
836
844
854
1687
1687
853
854
854
1687
854
829
854
1687
1687
854
843
854
854
854
1687
1687
854
1687
829
1687
850
854
854
1687
854
854
854
854
1687
832
845
1687
854
1687
850
854
847
854
854
854
1687
854
1687
1687
836
854
839
854
1687
854
854
1687
1687
1687
1687
854
854
852
1687
1687
854
841
843
854
851
854
854
854
1687
1687
854
1687
850
854
599
1687
854
1687
846
850
854
1687
852
1687
854
854
854
848
854
854
1687
854
1687
854
1687
1687
1687
1687
849
854
854
1687
854
854
854
854
1687
1687
854
853
660
1687
829
854
852
854
854
854
854
1687
1687
829
854
1687
854
829
854
852
1687
853
1687
1687
854
851
1687
854
836
854
1687
1687
854
829
660
1687
1687
1687
829
1687
830
854
838
854
829
854
1687
1687
854
854
854
854
843
675
1687
1687
854
1687
1687
854
1687
854
854
1687
832
829
854
854
1687
1687
1687
1687
854
837
1687
854
1687
854
839
845
854
843
841
1687
1687
1687
833
854
1687
1687
829
854
1687
854
854
845
854
853
854
854
1687
854
1687
847
854
847
854
1687
852
679
1687
1687
854
850
1687
835
854
1687
851
848
1687
1687
854
852
1687
854
1687
838
1687
854
850
1687
1687
854
685
854
854
1687
853
854
854
854
854
854
1687
687
854
854
1687
848
854
1687
1687
854
854
1687
1687
854
689
1687
1687
854
843
854
854
853
1687
845
854
854
840
1687
854
852
1687
1687
1687
846
1687
854
1687
854
854
702
854
1687
854
854
1687
1687
1687
1687
854
851
1687
854
848
854
854
854
850
1687
854
1687
854
1687
777
852
854
842
853
1687
851
854
845
1687
854
1687
1687
854
854
777
851
790
854
854
854
1687
1687
1687
853
1687
1687
854
1687
854
1687
854
854
1687
793
1687
854
854
1687
844
1687
1687
829
854
854
847
1687
1687
1687
854
1687
854
854
1687
1687
854
829
1687
854
854
854
823
854
854
849
854
851
853
854
854
853
854
854
854
854
854
1687
1687
1687
850
1687
1687
830
827
1687
829
854
1687
1687
854
854
854
1687
1687
854
1687
854
789
854
1687
854
1687
1687
851
849
854
853
1687
792
1687
854
854
810
854
1687
854
854
816
1687
847
1687
854
1687
820
1687
854
854
1687
854
853
854
854
854
1687
823
1687
854
1687
1687
854
845
1687
1687
849
1687
854
1687
854
853
854
852
854
1687
834
1687
835
854
839
829
1687
1687
1687
1687
829
1687
1687
851
853
1687
854
854
829
1687
854
1687
852
1687
1687
854
841
852
854
1687
1687
854
854
1687
1687
1687
839
854
829
854
829
1687
843
829
854
844
1687
1687
854
1687
846
1687
1687
1687
854
854
1687
854
1687
854
1687
854
829
1687
849
847
1687
854
854
847
1687
1687
854
854
854
854
837
839
849
854
1687
831
1687
854
854
1687
852
854
1687
1687
841
854
854
854
1687
1687
1687
1687
854
1687
851
845
844
854
854
843
854
833
853
854
851
854
854
1687
1687
852
1687
1687
1687
854
1687
1687
1687
1687
1687
854
848
854
1687
854
854
837
846
1687
1687
1687
848
854
1687
854
854
852
854
854
1687
854
851
1687
853
1687
848
853
849
1687
1687
852
1687
852
851
854
1687
854
854
854
1687
854
854
1687
854
1687
854
1687
1687
851
1687
1687
1687
1687
1687
1687
854
853
854
854
854
1687
1687
1687
1687
854
1687
1687
1687
