930816016
930816017
930816018
930816019
930816019
930816019
930816020
930816020
930816021
930816021
930816021
930816021
930816022
930816022
930816023
930816023
930816023
930816024
930816024
930816024
930816024
930816025
930816025
930816025
930816025
930816026
930816026
930816026
930816026
930816026
930816026
930816026
930816026
930816026
930816027
930816027
930816027
930816027
930816027
930816028
930816028
930816028
930816028
930816028
930816028
930816028
930816028
930816028
930816028
930816029
930816029
930816029
930816029
930816029
930816030
930816030
930816030
930816030
930816030
930816030
930816030
930816030
930816030
930816030
930816030
930816030
930816030
930816030
930816031
930816031
930816031
930816031
930816031
930816031
930816031
930816031
930816032
930816032
930816032
930816032
930816032
930816032
930816032
930816032
930816032
930816032
930816033
930816033
930816033
930816033
930816033
930816033
930816033
930816033
930816033
930816033
930816033
930816033
930816034
930816034
930816034
930816034
930816034
930816034
930816034
930816034
930816035
930816035
930816035
930816035
930816035
930816035
930816035
930816036
930816036
930816036
930816036
930816036
930816036
930816036
930816036
930816036
930816036
930816036
930816036
930816036
930816036
930816036
930816036
930816037
930816037
930816037
930816037
930816037
930816037
930816037
930816037
930816037
930816037
930816037
930816037
930816037
930816037
930816037
930816038
930816038
930816038
930816038
930816038
930816038
930816038
930816038
930816038
930816038
930816038
930816038
930816039
930816039
930816039
930816039
930816039
930816039
930816039
930816039
930816039
930816039
930816039
930816039
930816039
930816039
930816039
930816040
930816040
930816040
930816040
930816040
930816040
930816040
930816040
930816040
930816040
930816040
930816040
930816040
930816041
930816041
930816041
930816041
930816041
930816041
930816041
930816041
930816041
930816041
930816042
930816042
930816042
930816042
930816042
930816042
930816042
930816042
930816042
930816042
930816042
930816042
930816042
930816042
930816042
930816042
930816042
930816042
930816042
930816042
930816042
930816043
930816043
930816043
930816043
930816043
930816043
930816043
930816043
930816043
930816043
930816043
930816043
930816043
930816043
930816043
930816043
930816044
930816044
930816044
930816044
930816044
930816044
930816045
930816045
930816045
930816045
930816045
930816045
930816045
930816045
930816045
930816045
930816045
930816045
930816045
930816045
930816045
930816045
930816046
930816046
930816046
930816046
930816046
930816046
930816046
930816046
930816046
930816046
930816046
930816046
930816046
930816046
930816046
930816046
930816046
930816046
930816046
930816046
930816046
930816047
930816047
930816047
930816047
930816047
930816047
930816047
930816047
930816047
930816047
930816047
930816047
930816047
930816047
930816047
930816047
930816047
930816047
930816048
930816048
930816048
930816048
930816048
930816048
930816048
930816048
930816048
930816048
930816048
930816048
930816048
930816048
930816048
930816048
930816048
930816048
930816048
930816048
930816048
930816049
930816049
930816049
930816049
930816049
930816049
930816049
930816049
930816049
930816049
930816049
930816049
930816049
930816049
930816049
930816049
930816050
930816050
930816050
930816050
930816050
930816050
930816050
930816050
930816050
930816050
930816050
930816050
930816050
930816050
930816050
930816050
930816050
930816050
930816051
930816051
930816051
930816051
930816051
930816051
930816051
930816051
930816051
930816051
930816051
930816051
930816051
930816051
930816051
930816051
930816051
930816051
930816051
930816052
930816052
930816052
930816052
930816052
930816052
930816052
930816052
930816052
930816052
930816052
930816052
930816052
930816052
930816052
930816052
930816052
930816052
930816052
930816052
930816052
930816052
930816052
930816052
930816052
930816053
930816053
930816053
930816053
930816053
930816053
930816053
930816053
930816053
930816053
930816053
930816053
930816053
930816053
930816053
930816053
930816053
930816053
930816053
930816053
930816053
930816053
930816053
930816053
930816053
930816054
930816054
930816054
930816054
930816054
930816054
930816054
930816054
930816054
930816054
930816054
930816054
930816054
930816054
930816054
930816054
930816054
930816054
930816054
930816054
930816054
930816054
930816054
930816054
930816054
930816054
930816055
930816055
930816055
930816055
930816055
930816055
930816055
930816055
930816055
930816055
930816055
930816055
930816055
930816055
930816055
930816055
930816055
930816055
930816055
930816055
930816056
930816056
930816056
930816056
930816056
930816056
930816056
930816056
930816056
930816056
930816056
930816056
930816056
930816056
930816056
930816056
930816056
930816056
930816056
930816056
930816056
930816056
930816056
930816056
930816056
930816056
930816056
930816057
930816057
930816057
930816057
930816057
930816057
930816057
930816057
930816057
930816057
930816057
930816057
930816057
930816057
930816057
930816057
930816057
930816057
930816057
930816057
930816057
930816057
930816057
930816058
930816058
930816058
930816058
930816058
930816058
930816058
930816058
930816058
930816058
930816058
930816058
930816058
930816058
930816058
930816058
930816058
930816058
930816059
930816059
930816059
930816059
930816059
930816059
930816059
930816059
930816059
930816059
930816059
930816059
930816059
930816059
930816059
930816059
930816059
930816059
930816059
930816059
930816059
930816059
930816059
930816059
930816060
930816060
930816060
930816060
930816060
930816060
930816060
930816060
930816060
930816060
930816060
930816060
930816060
930816060
930816060
930816060
930816060
930816060
930816060
930816060
930816060
930816060
930816060
930816060
930816060
930816060
930816061
930816061
930816061
930816061
930816061
930816061
930816061
930816061
930816061
930816061
930816061
930816061
930816061
930816061
930816061
930816061
930816061
930816061
930816061
930816061
930816061
930816061
930816061
930816061
930816062
930816062
930816062
930816062
930816062
930816062
930816062
930816062
930816062
930816062
930816062
930816062
930816062
930816062
930816062
930816062
930816062
930816062
930816062
930816062
930816062
930816062
930816062
930816062
930816062
930816062
930816062
930816062
930816062
930816062
930816062
930816062
930816062
930816063
930816063
930816063
930816063
930816063
930816063
930816063
930816063
930816063
930816063
930816063
930816063
930816063
930816063
930816063
930816063
930816063
930816063
930816063
930816063
930816063
930816063
930816063
930816064
930816064
930816064
930816064
930816064
930816064
930816064
930816064
930816064
930816064
930816064
930816064
930816064
930816064
930816064
930816064
930816064
930816064
930816064
930816064
930816064
930816065
930816065
930816065
930816065
930816065
930816065
930816065
930816065
930816065
930816065
930816065
930816065
930816065
930816065
930816065
930816065
930816065
930816065
930816065
930816065
930816065
930816065
930816065
930816065
930816065
930816065
930816065
930816065
930816065
930816065
930816065
930816065
930816066
930816066
930816066
930816066
930816066
930816066
930816066
930816066
930816066
930816066
930816066
930816066
930816066
930816066
930816066
930816066
930816066
930816066
930816066
930816066
930816066
930816066
930816066
930816066
930816066
930816066
930816066
930816066
930816066
930816067
930816067
930816067
930816067
930816067
930816067
930816067
930816067
930816067
930816067
930816067
930816067
930816067
930816067
930816067
930816067
930816067
930816067
930816067
930816067
930816067
930816067
930816067
930816067
930816067
930816068
930816068
930816068
930816068
930816068
930816068
930816068
930816068
930816068
930816068
930816068
930816068
930816068
930816068
930816068
930816068
930816068
930816068
930816068
930816068
930816068
930816068
930816068
930816068
930816068
930816068
930816068
930816068
930816068
930816068
930816069
930816069
930816069
930816069
930816069
930816069
930816069
930816069
930816069
930816069
930816069
930816069
930816069
930816069
930816069
930816069
930816069
930816069
930816069
930816069
930816069
930816069
930816069
930816069
930816069
930816069
930816069
930816069
930816069
930816070
930816070
930816070
930816070
930816070
930816070
930816070
930816070
930816070
930816070
930816070
930816070
930816070
930816070
930816070
930816070
930816070
930816070
930816070
930816070
930816070
930816070
930816070
930816070
930816070
930816070
930816070
930816071
930816071
930816071
930816071
930816071
930816071
930816071
930816071
930816071
930816071
930816071
930816071
930816071
930816071
930816071
930816071
930816071
930816071
930816071
930816071
930816071
930816071
930816071
930816071
930816071
930816071
930816071
930816071
930816071
930816071
930816071
930816071
930816072
930816072
930816072
930816072
930816072
930816072
930816072
930816072
930816072
930816072
930816072
930816072
930816072
930816072
930816072
930816072
930816072
930816072
930816072
930816072
930816072
930816072
930816072
930816072
930816072
930816072
930816072
930816072
930816072
930816072
930816072
930816072
930816073
930816073
930816073
930816073
930816073
930816073
930816073
930816073
930816073
930816073
930816073
930816073
930816073
930816073
930816073
930816073
930816073
930816073
930816073
930816073
930816073
930816073
930816073
930816074
930816074
930816074
930816074
930816074
930816074
930816074
930816074
930816074
930816074
930816074
930816074
930816074
930816074
930816074
930816074
930816074
930816074
930816074
930816074
930816074
930816074
930816074
930816074
930816074
930816074
930816074
930816074
930816075
930816075
930816075
930816075
930816075
930816075
930816075
930816075
930816075
930816075
930816075
930816075
930816075
930816075
930816075
930816075
930816075
930816075
930816075
930816075
930816075
930816075
930816075
930816075
930816075
930816075
930816075
930816075
930816075
930816075
930816076
930816076
930816076
930816076
930816076
930816076
930816076
930816076
930816076
930816076
930816076
930816076
930816076
930816076
930816076
930816076
930816076
930816076
930816076
930816076
930816076
930816076
930816076
930816076
930816076
930816076
930816076
930816076
930816076
930816076
930816076
930816076
930816076
930816076
930816077
930816077
930816077
930816077
930816077
930816077
930816077
930816077
930816077
930816077
930816077
930816077
930816077
930816077
930816077
930816077
930816077
930816077
930816077
930816077
930816077
930816077
930816077
930816077
930816077
930816077
930816077
930816077
930816077
930816077
930816077
930816077
930816078
930816078
930816078
930816078
930816078
930816078
930816078
930816078
930816078
930816078
930816078
930816078
930816078
930816078
930816078
930816078
930816078
930816078
930816078
930816078
930816078
930816078
930816078
930816078
930816078
930816078
930816078
930816078
930816078
930816078
930816078
930816078
930816078
930816078
930816078
930816079
930816079
930816079
930816079
930816079
930816079
930816079
930816079
930816079
930816079
930816079
930816079
930816079
930816079
930816079
930816079
930816079
930816079
930816079
930816079
930816079
930816079
930816079
930816079
930816079
930816079
930816079
930816079
930816080
930816080
930816080
930816080
930816080
930816080
930816080
930816080
930816080
930816080
930816080
930816080
930816080
930816080
930816080
930816080
930816080
930816080
930816080
930816080
930816080
930816080
930816080
930816080
930816080
930816080
930816080
930816080
930816080
930816080
930816080
930816080
930816080
930816080
930816080
930816080
930816080
930816080
930816080
930816081
930816081
930816081
930816081
930816081
930816081
930816081
930816081
930816081
930816081
930816081
930816081
930816081
930816081
930816081
930816081
930816081
930816081
930816081
930816081
930816081
930816081
930816081
930816081
930816081
930816081
930816081
930816081
930816082
930816082
930816082
930816082
930816082
930816082
930816082
930816082
930816082
930816082
930816082
930816082
930816082
930816082
930816082
930816082
930816082
930816082
930816082
930816082
930816082
930816082
930816082
930816082
930816082
930816082
930816082
930816082
930816082
930816082
930816083
930816083
930816083
930816083
930816083
930816083
930816083
930816083
930816083
930816083
930816083
930816083
930816083
930816083
930816083
930816083
930816083
930816083
930816083
930816083
930816083
930816083
930816083
930816083
930816083
930816083
930816083
930816083
930816083
930816083
930816083
930816083
930816083
930816083
930816083
930816083
930816084
930816084
930816084
930816084
930816084
930816084
930816084
930816084
930816084
930816084
930816084
930816084
930816084
930816084
930816084
930816084
930816084
930816084
930816084
930816084
930816084
930816084
930816084
930816084
930816084
930816084
930816084
930816084
930816084
930816084
930816085
930816085
930816085
930816085
930816085
930816085
930816085
930816085
930816085
930816085
930816085
930816085
930816085
930816085
930816085
930816085
930816085
930816085
930816085
930816085
930816085
930816085
930816085
930816085
930816085
930816085
930816085
930816086
930816086
930816086
930816086
930816086
930816086
930816086
930816086
930816086
930816086
930816086
930816086
930816086
930816086
930816086
930816086
930816086
930816086
930816086
930816086
930816086
930816086
930816086
930816086
930816086
930816086
930816086
930816086
930816086
930816086
930816086
930816086
930816086
930816086
930816086
930816086
930816086
930816086
930816086
930816086
930816087
930816087
930816087
930816087
930816087
930816087
930816087
930816087
930816087
930816087
930816087
930816087
930816087
930816087
930816087
930816087
930816087
930816087
930816087
930816087
930816087
930816087
930816087
930816087
930816087
930816087
930816087
930816087
930816087
930816087
930816087
930816087
930816087
930816087
930816087
930816087
930816087
930816088
930816088
930816088
930816088
930816088
930816088
930816088
930816088
930816088
930816088
930816088
930816088
930816088
930816088
930816088
930816088
930816088
930816088
930816088
930816088
930816088
930816088
930816088
930816088
930816088
930816088
930816089
930816089
930816089
930816089
930816089
930816089
930816089
930816089
930816089
930816089
930816089
930816089
930816089
930816089
930816089
930816089
930816089
930816089
930816089
930816089
930816089
930816089
930816089
930816089
930816089
930816089
930816089
930816089
930816089
930816089
930816089
930816089
930816089
930816089
930816089
930816089
930816089
930816089
930816089
930816090
930816090
930816090
930816090
930816090
930816090
930816090
930816090
930816090
930816090
930816090
930816090
930816090
930816090
930816090
930816090
930816090
930816090
930816090
930816090
930816090
930816090
930816090
930816090
930816090
930816090
930816090
930816090
930816090
930816091
930816091
930816091
930816091
930816091
930816091
930816091
930816091
930816091
930816091
930816091
930816091
930816091
930816091
930816091
930816091
930816091
930816091
930816091
930816091
930816091
930816091
930816091
930816091
930816091
930816091
930816091
930816091
930816091
930816091
930816091
930816091
930816091
930816091
930816091
930816092
930816092
930816092
930816092
930816092
930816092
930816092
930816092
930816092
930816092
930816092
930816092
930816092
930816092
930816092
930816092
930816092
930816092
930816092
930816092
930816092
930816092
930816092
930816092
930816092
930816092
930816092
930816092
930816092
930816092
930816092
930816092
930816092
930816092
930816092
930816092
930816092
930816092
930816092
930816092
930816092
930816093
930816093
930816093
930816093
930816093
930816093
930816093
930816093
930816093
930816093
930816093
930816093
930816093
930816093
930816093
930816093
930816093
930816093
930816093
930816093
930816093
930816093
930816093
930816093
930816093
930816093
930816093
930816093
930816093
930816093
930816093
930816093
930816093
930816094
930816094
930816094
930816094
930816094
930816094
930816094
930816094
930816094
930816094
930816094
930816094
930816094
930816094
930816094
930816094
930816094
930816094
930816094
930816094
930816094
930816094
930816094
930816094
930816094
930816094
930816094
930816094
930816094
930816094
930816094
930816094
930816095
930816095
930816095
930816095
930816095
930816095
930816095
930816095
930816095
930816095
930816095
930816095
930816095
930816095
930816095
930816095
930816095
930816095
930816095
930816095
930816095
930816095
930816095
930816095
930816095
930816095
930816095
930816095
930816095
930816095
930816095
930816095
930816095
930816095
930816095
930816095
930816096
930816096
930816096
930816096
930816096
930816096
930816096
930816096
930816096
930816096
930816096
930816096
930816096
930816096
930816096
930816096
930816096
930816096
930816096
930816096
930816096
930816096
930816096
930816096
930816096
930816096
930816096
930816096
930816096
930816096
930816096
930816096
930816096
930816096
930816096
930816096
930816096
930816096
930816096
930816096
930816096
930816097
930816097
930816097
930816097
930816097
930816097
930816097
930816097
930816097
930816097
930816097
930816097
930816097
930816097
930816097
930816097
930816097
930816097
930816097
930816097
930816097
930816097
930816097
930816097
930816097
930816097
930816097
930816097
930816097
930816097
930816097
930816097
930816097
930816098
930816098
930816098
930816098
930816098
930816098
930816098
930816098
930816098
930816098
930816098
930816098
930816098
930816098
930816098
930816098
930816098
930816098
930816098
930816098
930816098
930816098
930816098
930816098
930816098
930816098
930816098
930816098
930816098
930816098
930816098
930816098
930816098
930816098
930816099
930816099
930816099
930816099
930816099
930816099
930816099
930816099
930816099
930816099
930816099
930816099
930816099
930816099
930816099
930816099
930816099
930816099
930816099
930816099
930816099
930816099
930816099
930816099
930816099
930816099
930816099
930816099
930816099
930816099
930816099
930816099
930816099
930816099
930816099
930816099
930816099
930816099
930816099
930816099
930816099
930816099
930816099
930816100
930816100
930816100
930816100
930816100
930816100
930816100
930816100
930816100
930816100
930816100
930816100
930816100
930816100
930816100
930816100
930816100
930816100
930816100
930816100
930816100
930816100
930816100
930816100
930816100
930816100
930816100
930816100
930816100
930816100
930816100
930816100
930816100
930816100
930816100
930816100
930816101
930816101
930816101
930816101
930816101
930816101
930816101
930816101
930816101
930816101
930816101
930816101
930816101
930816101
930816101
930816101
930816101
930816101
930816101
930816101
930816101
930816101
930816101
930816101
930816101
930816101
930816101
930816101
930816101
930816101
930816101
930816101
930816101
930816101
930816101
930816101
930816101
930816101
930816101
930816101
930816102
930816102
930816102
930816102
930816102
930816102
930816102
930816102
930816102
930816102
930816102
930816102
930816102
930816102
930816102
930816102
930816102
930816102
930816102
930816102
930816102
930816102
930816102
930816102
930816102
930816102
930816102
930816102
930816102
930816102
930816102
930816102
930816102
930816102
930816102
930816102
930816102
930816102
930816102
930816102
930816103
930816103
930816103
930816103
930816103
930816103
930816103
930816103
930816103
930816103
930816103
930816103
930816103
930816103
930816103
930816103
930816103
930816103
930816103
930816103
930816103
930816103
930816103
930816103
930816103
930816103
930816103
930816103
930816103
930816103
930816103
930816103
930816103
930816103
930816103
930816103
930816103
930816103
930816103
930816103
930816103
930816103
930816103
930816103
930816103
930816103
930816103
930816104
930816104
930816104
930816104
930816104
930816104
930816104
930816104
930816104
930816104
930816104
930816104
930816104
930816104
930816104
930816104
930816104
930816104
930816104
930816104
930816104
930816104
930816104
930816104
930816104
930816104
930816104
930816104
930816104
930816104
930816104
930816104
930816104
930816104
930816105
930816105
930816105
930816105
930816105
930816105
930816105
