643503
678480
933796
741504
709786
779026
882427
731073
615952
655053
620132
533114
739127
776560
782262
639664
705319
618311
734306
742084
613265
906839
636961
773592
714911
677173
772088
740273
597408
672462
710364
808754
684118
630504
772520
773071
687321
620166
681294
759181
716519
956413
530358
632531
804557
730741
828467
596773
759530
896778
659876
694770
817553
666893
646707
748680
681805
725257
799436
617655
567006
837205
685238
822103
882718
608711
508687
754007
835419
826917
893588
892841
717756
695751
858890
760067
624356
708298
607574
719534
907645
634155
646563
755164
664063
781139
794766
721551
656071
599371
598652
663323
691588
754778
689333
622822
713812
732255
768978
577101
830046
577914
821379
796185
551085
692669
896703
582269
836126
827418
727689
657174
931712
709349
523353
717932
504537
688444
751858
828872
697959
908357
752303
711577
707347
780401
726126
685842
589436
680159
744771
812260
895800
687270
637741
733193
866649
800138
756028
896495
680574
709251
755502
704232
619605
579233
673501
807575
772866
784758
692604
532248
744354
885405
902347
547041
756200
689744
660831
748884
752523
681512
666157
739456
752278
564512
771398
798335
806267
691591
596976
770304
683402
810243
727035
652401
874987
754105
772722
598946
664728
816307
709743
706087
687361
861695
609895
685546
568105
700439
749132
866527
596480
831097
604312
645531
671983
744203
633698
760457
701181
615491
833821
680502
746205
763068
806536
834900
673651
707809
903373
627606
652482
722829
746361
544987
846542
612694
704611
700703
598605
815599
642541
955216
814986
630354
521237
829669
778192
673007
758527
793181
629198
716192
829449
641004
840049
650546
781621
694638
808526
879813
661120
747436
719799
925523
715031
576224
719609
728794
865472
651147
852220
879540
843669
800330
728799
818212
880946
724270
791672
673110
627935
953818
546030
797212
820865
761968
631122
612060
657564
634143
764993
759461
577579
827314
815427
688548
669499
862599
758821
824690
641730
680380
697677
700485
728229
712882
538799
870875
748125
703353
752583
760022
551456
661536
756321
678134
630315
743550
592178
710965
849463
763669
764600
817385
577859
826265
848102
716960
605802
732476
635030
833788
797832
862479
752430
623164
962031
781615
542587
801068
570621
819414
547488
726573
822276
732329
904702
887534
505250
912315
744616
690705
805730
645090
706253
594393
811698
686565
759794
641767
621221
677839
836110
719655
624577
584378
550372
707437
708846
647797
842352
631726
767424
900569
724689
723255
968709
752417
662770
809902
649912
542491
860006
870686
656794
611411
806399
710920
777399
758020
746015
728855
789413
768392
593297
806609
863568
840033
760042
645951
513006
906914
817364
605370
694935
684555
646357
795801
670734
563317
557544
670523
846870
704214
613363
655789
675478
821051
758640
664707
727731
835071
576443
800870
855404
803239
734815
551205
872922
934862
665531
849939
743001
716890
546630
873468
707965
751451
593829
806825
506650
748145
640079
616651
778615
931375
713236
594296
832275
567934
709287
760119
660762
610692
748034
527627
637176
599320
632980
616339
970180
840641
698981
870105
552748
755798
887494
669557
763625
695996
574352
712029
729382
657205
602379
666745
764594
750644
764373
896079
629264
547436
769897
716194
779479
816929
654580
743359
746212
595915
818833
700817
543569
837719
830142
746298
943799
865840
701292
721449
694919
720881
563762
707319
824026
877806
761125
631528
775991
878425
704681
768720
854694
760510
606540
863754
602704
825387
863926
870398
802242
690592
744967
727942
545492
642085
778288
848637
837663
693640
764528
713427
901952
714184
690304
719203
829442
676073
835002
759584
739811
580340
733591
694566
718901
908958
863584
755069
658613
709812
637764
669637
849571
583399
701222
852550
800463
786279
516826
707096
773886
687946
594676
637920
688402
789360
640852
792398
731257
809083
653171
533145
838977
614787
753590
717877
601636
624357
677243
679365
640700
667461
919035
752148
732190
760407
762269
640926
917546
894455
771426
810306
605179
657736
588041
746768
739180
829070
875681
529753
809344
757923
771435
613061
639902
789754
790873
659853
699251
895580
778053
615136
806716
853555
742314
929303
812475
703635
846181
703228
759223
575378
740496
838886
747414
754409
863819
557474
694423
785242
608572
695724
586512
674346
647197
847740
803335
667122
605660
750977
815923
655364
653313
694835
741154
831964
607337
547402
570176
691499
642427
599347
937003
754261
646711
672616
946391
661842
759803
598056
773566
725076
952180
774126
687230
692045
694699
665954
825252
543424
650521
782634
796540
816068
546536
690759
651018
762306
773529
803000
561338
609175
727332
575604
743683
778739
653093
733158
697701
683146
879095
643975
818996
756619
645491
808041
840217
653380
795795
585279
772475
689159
777807
709674
695497
649293
829583
559027
620436
591501
718666
640894
690019
641543
628903
873575
570273
632656
810252
602109
857721
812058
722170
743933
799963
652039
799763
685882
721450
626709
740520
645027
511580
866136
636417
702523
629181
715828
648834
794593
847879
806633
713511
841181
520342
878591
486671
771519
672235
731822
815725
769257
829618
704580
750795
597853
929093
872394
660862
611769
606234
879213
757379
614690
640328
714621
695747
727117
667006
728005
787381
764749
655004
846264
852483
905523
922405
882856
812576
531346
777028
828368
831060
708793
858196
584779
607168
781412
514948
678158
687331
571112
577137
863893
644039
860822
638937
616219
736165
812674
673615
495583
812585
813268
735647
604186
712199
626172
678948
595507
600933
795851
529014
856428
682184
720218
795630
803916
691831
759899
713907
536095
886092
683202
629422
769681
752373
834275
705462
926258
685133
689245
856615
590281
715428
779201
616689
821159
609259
808521
504849
728264
704162
630418
655936
635343
548948
659156
782008
758951
539728
760211
534080
577323
740132
835381
685334
672341
848255
957690
749657
777455
773508
600255
613017
888914
745324
711584
672078
914254
786991
832744
610353
780195
795972
721336
695205
581642
689569
816115
853966
596117
669452
923979
616747
630313
916837
711199
748505
560962
672342
931826
917843
872694
514730
679611
610253
752428
782778
634447
788771
714356
723051
681313
774172
766864
667226
752595
728775
639981
490089
862219
622415
683009
543744
764571
796441
637041
959757
646229
831740
751406
588989
846190
584294
824312
596313
687344
765148
800336
814435
665817
622847
707583
666223
519858
715310
651371
786107
835961
756159
698409
860167
689859
651542
833764
731361
659284
489495
723473
680322
574338
860195
849453
631387
664508
781457
683619
609473
802223
561009
633782
871257
894818
629767
600843
558167
902782
748932
743384
930618
638979
641556
779309
757309
654624
720222
726991
928010
811723
703217
621682
610796
665455
592828
673324
743322
605895
710360
617427
626923
567831
578523
778266
540729
669930
559273
811601
835986
697329
597656
769896
733880
752090
738057
593336
609092
696285
573364
811096
623007
