730435
770315
780645
592543
732276
500216
657794
818476
805963
682565
553745
569266
739618
855578
871749
655985
805929
549459
698959
692252
779687
769907
741206
731463
775084
803109
619414
759176
766864
691388
714383
821613
550926
785980
866305
686957
779829
672720
696458
806438
761302
906103
698887
729988
790989
601587
847844
730105
636488
876280
833369
935467
827207
801925
825198
972013
748812
597606
750426
828989
929320
596915
625238
680033
541591
618466
982847
723573
681626
770606
705157
803876
755587
548572
680294
678580
638833
741371
695636
807986
699050
649415
769677
670366
598014
678707
803818
658073
907345
829543
806485
660952
846615
726061
573230
612712
731872
697742
729428
832663
508948
881238
725519
699716
713220
600987
774213
727106
732759
752578
730177
923376
833988
648638
677830
770396
688743
876192
595815
708578
938632
872293
665027
786659
776499
627965
620385
649590
816829
620373
769408
857484
749213
737973
737072
607812
751495
795147
798105
688487
787650
697202
661511
545530
791188
800348
693493
549002
512957
759338
739293
824438
526261
786285
700872
737953
734036
934598
709682
675703
742683
827772
753184
684704
845665
573983
832871
892639
719013
760137
713967
882224
808428
756772
628964
694562
814284
543202
893199
751900
617199
760308
711122
637167
861533
728099
844019
638293
557867
648104
643837
609184
854606
822640
776799
669042
860922
659943
936406
795070
745881
748866
564514
795549
731191
623078
781013
737121
882971
682992
671821
626795
688345
810413
600711
749542
743351
540449
699753
947639
595074
720150
905236
543677
924830
725183
816916
835513
761175
871542
724274
784215
708102
615213
657683
684707
601848
911757
745830
603281
725805
735741
789399
732111
730960
531266
847834
629647
784765
752595
824706
763872
705146
723116
728494
792612
784825
777481
676388
557623
705668
912961
540759
669149
624140
752275
677210
608313
676290
739114
946298
696325
609916
699046
930378
938464
549665
762885
637766
728119
641420
665403
731972
633972
839171
778930
547752
821335
689195
746431
658560
729717
908826
636370
801997
765924
675047
839357
895629
603655
827403
719892
783404
695012
831101
764393
780539
757185
647133
750978
657097
666316
804084
811578
661349
533508
557377
530965
943283
601898
610742
904462
694628
887995
787176
590373
870113
623000
828892
784989
620589
749949
779924
645643
742662
739506
669620
525481
723883
620958
588073
814278
742820
710684
721753
655345
694722
621873
619994
712353
664187
722727
891193
602105
644149
954081
728149
894196
766234
783453
860505
497742
825866
723555
849646
938272
777112
819312
715201
731144
803383
810771
753330
725738
791533
708242
721295
724353
798977
788265
722848
684611
745400
495918
777939
835625
744112
730272
858252
868830
934578
634552
635442
787006
651516
829199
682655
876899
609811
882490
683821
853301
840579
673820
594592
524183
629261
675740
642221
755484
718574
936991
702802
675198
849841
970932
852288
588750
615135
752009
885548
901703
831630
962959
711050
758443
560445
543247
638859
617977
671870
649988
697990
676502
767692
618277
599462
591383
726245
679054
864768
902141
568532
560751
981386
896078
821497
789262
770065
705236
625022
726742
926293
894732
616549
574947
802933
663539
606158
876385
964892
567651
689828
958018
701169
547711
549780
822089
821964
723769
615488
933044
778536
733598
853874
830293
750681
750119
729766
688666
808605
799870
694710
685346
543752
697592
736919
594234
578913
759156
855992
677249
721379
777921
877291
842705
819713
495801
724235
905111
794536
632382
760659
766058
700433
657424
866496
840631
778595
697940
715873
845580
626998
919453
793602
696336
731266
842638
612912
841911
639749
743796
861493
799864
591582
725477
809846
611850
803285
768586
753898
585377
668417
609145
746549
949095
710110
773328
815085
740586
804971
695047
862431
837934
757796
652487
795669
907783
884648
690444
691927
618046
609543
780732
646399
812361
677258
786484
712502
587874
731440
715709
877245
702715
750429
770973
632036
795606
662819
777995
807127
657404
598635
699209
711624
674259
726840
582116
773283
848513
723947
672717
543218
674348
869398
751087
779843
771118
671127
740236
739511
707922
761994
739378
530394
709742
537918
843067
627445
740363
686713
776777
810889
885563
758967
914912
737448
750398
804879
941847
775959
723303
942252
619206
875712
865498
694896
700754
569201
606273
870697
945697
931542
738390
747563
557244
771498
750848
620613
556572
718600
722072
650962
704380
717026
883951
788377
887375
715651
745249
759930
787058
731971
741915
734025
841709
871651
844396
831064
675893
704093
677879
513658
726386
708041
718986
612132
514243
736930
842423
811391
566819
700969
652008
849870
775364
708445
957714
698858
759968
524446
572238
665569
767658
854044
571770
866784
681356
763547
790367
692817
654494
749752
749872
738748
653216
833209
571778
849619
757918
663351
931134
770050
620251
719999
687311
728699
829454
638707
915016
695074
575893
762543
763887
742685
696318
691715
763171
742652
691952
722206
671827
677948
814584
565816
881926
758981
788116
730135
707810
823253
767516
599590
705362
629610
683879
572826
676392
715843
960379
585376
706854
810167
737214
757274
578046
720091
670928
715468
645147
754359
811225
829604
779998
638941
698131
543311
881217
764461
855920
637847
698611
715904
617397
679497
631908
605014
613999
616045
684681
764859
909034
843848
665871
822132
686260
904954
860917
576800
559519
754912
746077
892333
842460
697715
766877
746617
548442
728039
852283
800527
606161
701316
780004
530138
590635
735731
595279
675967
689274
740569
836141
843097
819777
655003
721415
925577
741417
641234
720886
632343
623641
538055
707814
765701
613817
850119
692813
579905
813446
607249
776875
807783
852841
815156
734146
755050
824935
632710
674936
714283
763338
778568
731572
777139
886674
665445
658230
665966
550088
928389
602267
611778
857246
645861
746583
660864
813281
782733
765446
838287
794787
555827
556407
707186
692760
752467
786218
546307
781825
576151
741959
780140
834463
850135
951739
894629
727198
738277
801889
692826
757496
510867
801438
682111
740867
901896
666132
877273
545794
899497
813622
745511
610071
640974
809466
695005
711910
825141
691056
659125
597130
812076
905508
730766
914608
609438
888561
877731
537849
583261
658293
746414
826279
753893
744162
685695
640779
748906
824454
836455
680602
878562
645958
681350
569289
969779
655941
588373
747045
696477
621609
731699
790488
750372
536581
551390
741781
758829
830099
699064
703712
612985
617595
726951
816442
759466
760846
765853
777809
809172
679666
723405
800369
870575
701112
494162
540733
686285
837416
794089
486886
747623
550084
607157
594654
754261
557216
807858
791628
672665
659973
760696
628484
830257
908516
654085
567210
776618
930978
662344
769259
917854
895609
719609
633556
702017
702496
729636
613290
794712
514514
754650
768005
791310
816050
659566
684602
649902
493381
762973
691238
772061
720284
711931
843497
749256
598052
701452
599854
750202
793542
844421
699323
