717629
782621
614295
570348
515337
629561
789395
569794
517677
727978
800639
757582
852479
760260
707224
783286
815133
585175
817392
554049
684245
595386
758607
768428
906811
763474
782926
819108
678685
769279
734513
764157
715708
637175
655002
618036
874968
842370
649635
713169
863019
721879
693260
633280
730004
617472
838269
694663
765813
693450
753843
691101
846859
761380
774314
707494
712937
641705
628921
863844
827963
770244
696363
751298
798277
666012
818685
626396
741309
566371
898892
662366
656417
904737
920659
601451
543516
948220
764777
753566
802262
915988
636790
787729
803512
897213
757496
689177
803310
683578
760825
709345
782046
714848
684149
784805
897244
789723
656708
705359
743958
796343
535077
726253
869305
707359
694301
707419
827310
572967
750365
842981
810167
670455
685641
667210
712174
623639
808297
591079
727336
862225
742672
689932
885441
675279
731041
805556
877775
733376
769549
581861
885160
794292
487938
767371
807260
868089
869554
654438
749747
809270
730769
873447
662534
796049
878252
628385
809889
754985
618805
748590
666568
884145
631454
777462
567241
769525
621308
542833
892957
761037
868503
752901
755649
760214
844594
735793
636982
684407
664457
807598
637782
573798
775757
882195
751014
699281
639892
719927
703491
637237
572328
781376
754750
763288
563622
681912
690570
939163
787942
754388
601282
669991
860197
621600
629771
704469
866021
773603
776192
697459
849053
591669
685980
797043
683328
796706
727544
730694
538003
779823
821837
675559
712484
754118
854967
765420
732517
746867
795054
655080
738504
733878
913275
761163
943090
771573
604107
629441
738738
649653
809571
894750
952051
682809
900744
636127
696745
692882
630318
830307
658515
884247
902391
636595
599176
633531
852676
870107
578340
896324
772480
802766
690010
760915
572954
892011
739466
885005
789235
732196
824033
756089
701724
665270
763485
693054
730725
652167
773461
718716
751221
741337
707844
825363
587118
864262
581728
598000
631401
756457
659462
927080
778109
750596
873472
705235
612790
762211
899134
670807
596906
844837
715350
565964
582396
821663
909161
687528
847226
635608
623962
730880
571366
625309
680030
643581
888447
694661
809037
820406
849175
745172
770111
688560
761987
547109
963981
643566
802794
696559
775305
797789
869557
662958
762504
676055
733184
803632
707558
573114
683837
760452
831826
734003
787225
614080
810637
729251
727728
686921
774350
734131
813911
822923
561328
761001
664566
560628
620699
787847
727060
786140
877129
634472
873395
834168
517532
846202
602828
841603
809373
557618
707499
855397
710224
586223
826420
551738
790532
752439
875032
630363
772973
744143
911322
646758
775128
557304
864430
656427
840563
852792
596127
901119
538309
841276
722666
715427
761647
663861
712482
872350
737160
875698
753049
892570
727742
656708
782468
663695
573986
876345
746654
765352
922867
643091
598440
772716
906983
948742
633444
773303
945421
747123
745973
726097
911091
910725
708275
708400
741140
860502
755300
763264
548064
838943
734986
686706
682605
839019
670559
852120
596296
624471
890299
721049
797198
832618
906391
813568
542067
769292
933028
874894
667004
717574
717980
841011
738209
759284
666689
701167
763832
719507
677513
663237
798716
672834
733644
853181
708114
870572
851055
821620
672215
772785
559927
745677
730544
520673
499299
585080
825901
925731
600136
790309
693418
897591
563961
815532
799164
529953
772493
533744
581753
841128
899452
720373
720941
828820
706801
753123
807551
896690
680305
618512
591957
718742
699127
701311
654221
893316
704033
736273
733319
683668
927597
750514
635212
791137
681564
947615
818643
823116
780051
746746
848404
941297
967468
945342
624941
875558
922410
641516
947068
657578
867603
796374
730584
893197
840511
868613
725754
740342
590907
746542
788271
642430
892357
748265
553518
779253
661239
753497
553684
710165
813348
863418
612319
632784
517180
707202
650250
750648
686050
724548
641165
913276
655569
589923
700091
754533
638896
823693
851750
795130
667148
669151
940919
934688
631587
730572
939096
927296
948111
607390
769798
720973
903499
857113
633261
747279
607679
725575
695111
710826
732652
611075
774313
711534
813692
669864
827281
758499
730157
806929
821702
827452
694410
911973
704805
699913
635515
928038
643944
592960
769854
640284
857180
656293
524426
752255
722622
796882
764734
731267
859134
901591
775985
551541
683538
755481
623346
686888
511393
779055
666065
636185
861598
557757
874114
661161
800543
685548
743212
564081
740160
649849
523031
553918
684187
526981
872660
792466
662533
771527
739883
601759
960837
829182
847854
542479
860709
749679
735426
727687
854300
849320
783127
861720
731732
703267
714159
679640
855632
844022
727215
628937
776724
868451
730178
931120
704678
646119
971311
843286
512630
741984
870070
783791
801851
715492
724514
771031
766550
780579
709355
786054
845951
749661
806992
736743
697280
629827
733176
771396
852659
690520
770718
586349
860469
871032
718258
491653
713098
827348
850501
759715
646998
520393
667033
809323
802544
750732
691198
677928
506876
667073
698589
689901
709293
743306
699314
738041
573843
647439
824836
735636
629204
671594
616517
941210
603253
698401
827938
821328
566793
643317
930080
866394
748303
559523
649735
638062
540077
726745
816224
725735
659837
698474
779242
577492
509924
810205
599228
678121
599454
709900
820143
882653
631970
705035
671427
769902
639583
610604
619928
808450
699421
710605
627209
852586
765527
732429
811005
594105
930755
737909
696202
778543
556124
750248
665786
761761
615473
715169
773508
706302
842308
591324
671463
756243
873961
951654
665319
601483
758995
674615
874594
717177
592957
816023
736122
617954
753597
579484
728888
751693
691006
745812
681862
623338
517273
551108
801880
643375
751658
557725
840924
785012
719235
758374
639028
688235
858280
759972
755435
681195
869193
798682
731023
753756
572964
733693
684774
757881
822755
775188
829085
611241
842465
733530
741996
818107
591191
736414
796092
648783
784091
807462
603645
875712
720800
861896
761468
658248
660457
887069
885185
736865
748512
852363
707520
499686
717645
672335
516624
683700
704541
693226
793732
763528
861284
728544
734302
713114
616668
898966
633587
676328
567152
650599
798850
825805
725681
741329
678646
829230
658977
654353
741010
758531
851744
826184
700949
631196
680506
590716
590187
763714
575317
721909
798318
593243
717108
794462
818479
764210
598145
548703
726526
861839
720101
893651
562667
669662
934463
723225
737460
745909
780982
672678
866210
688797
616674
681367
833912
667664
887589
623496
671439
769623
636903
868535
762565
522188
776490
832199
618571
735201
816488
667289
851525
634687
514377
642793
861736
835643
562438
837274
818522
798617
817310
522239
602328
876050
557584
603006
849583
716833
732134
822164
655848
749405
569500
795499
635083
688030
776620
618520
671135
660457
764159
851263
702601
512874
721324
822801
792859
708110
717700
702069
817759
559708
656875
614811
596448
577418
836390
701563
761422
629755
664098
644105
713430
