2079
1106
1664
2175
227
1497
1994
1626
1766
2426
1990
1847
572
2188
1579
1961
2496
1833
1808
1996
2479
520
2287
2430
1822
176
1740
2377
260
2485
2469
2194
2275
2351
1074
1856
2545
2511
309
1239
656
1086
500
2211
2362
2322
1641
2121
1831
2112
1198
1443
1422
774
2464
427
1286
1993
216
2213
2219
1990
1524
2458
2336
893
538
1999
174
1046
2499
1951
2416
2561
836
2483
263
2106
2168
2247
743
1904
1950
1037
1022
1700
2450
656
444
2518
408
459
226
986
1321
1899
768
1629
518
155
1928
2436
2475
57
2429
2097
2060
378
1933
69
2479
493
2233
2505
2129
2336
2121
1010
2214
2578
1036
2062
1908
2485
1864
44
1432
2551
1962
2493
2502
2394
2438
748
1595
1868
318
43
1198
2453
2534
2269
2507
1198
1329
1192
2273
2205
2237
2385
2468
1682
1867
682
2137
1463
1047
495
2460
18
1441
765
2014
1234
252
1483
1845
2194
867
2296
175
134
1733
1001
363
2293
2263
2476
2452
1564
2281
256
760
1045
2122
1487
2333
1667
2497
476
475
747
1348
186
885
1046
2258
2241
2548
991
2371
2383
1019
2154
1791
2105
1818
2141
1129
597
1498
2297
2488
1845
2213
1886
2509
875
1928
323
129
2030
1979
2417
1882
1536
2552
1902
479
2195
1851
1291
2342
2341
2499
743
832
1716
1049
2494
1497
1464
517
2017
1334
940
1366
1542
1028
1177
1428
2173
2258
2467
2217
2321
1492
2425
1522
2445
1221
2471
835
2490
2326
2418
1730
2021
2242
2093
2310
1709
125
1227
2439
997
2430
1476
1772
891
2518
2431
2212
2531
2106
623
306
796
1290
1891
2487
2069
2205
1537
1815
2328
1985
2434
257
5
2488
1579
946
2231
2516
1515
2103
949
1895
510
190
645
128
898
2165
825
1772
901
859
1070
2112
2242
2262
1458
1113
2445
1107
689
2509
518
2449
1273
1133
664
1732
2482
2268
2305
2407
1560
1975
1137
1922
955
820
1806
866
1793
618
2438
2489
944
2434
1275
2386
1948
2182
2148
2030
2271
428
2438
1768
1620
1440
1606
2136
1792
1982
2504
2101
1704
1537
1735
2038
654
2477
2423
1253
2102
2481
1838
2519
1785
2049
2365
852
2471
2407
192
2433
2108
861
1061
1056
902
2402
1880
2184
2244
2141
1492
2143
2248
2031
867
960
1790
2457
1716
207
2558
2516
1437
2318
11
1316
689
2011
1184
690
2442
1582
2068
1475
307
1167
2036
2277
269
2273
2330
629
2328
2420
301
2349
2262
1844
1923
2253
2441
2511
1436
2303
1044
897
2388
796
2541
2500
2479
695
2188
2103
2141
1224
2115
1991
1342
275
476
2304
1899
2392
2083
512
2065
2424
2484
2195
2342
2460
2357
1824
1954
1621
1308
2459
2556
2120
1844
2077
1961
180
1695
1431
2426
816
1880
1220
49
1547
2335
2461
1388
2435
2548
2444
380
1858
1842
2345
248
1396
2328
765
1756
1804
2267
1557
1465
976
1969
2135
701
2505
2388
1060
1321
1842
2454
1891
2481
1078
1963
1554
2447
2475
2407
1780
2424
1682
2422
1323
139
1025
2307
2568
2484
1969
713
2359
1339
2469
2350
2088
2063
1856
727
842
2286
1702
2261
1898
2087
2012
1597
684
2542
941
2317
1441
483
1302
938
1448
1882
2049
286
2280
1919
326
871
1971
1771
2482
1869
2507
1549
2370
2445
1646
524
558
1118
1873
2281
2195
1311
2278
2472
2504
319
2416
2450
1287
1946
2310
896
1726
996
1154
2240
2539
533
2118
2075
2362
1631
2031
2457
395
20
2468
1907
2459
2224
94
2492
2340
1982
185
432
665
2530
282
1483
2407
2168
1733
460
1394
1313
2275
1543
1627
2285
2142
1043
2322
1713
2256
2364
2335
1944
1765
1898
2072
2449
1455
2282
1792
1525
1130
2419
1596
17
2266
1378
2417
2451
1911
1746
2485
1057
2279
121
2074
893
552
629
2380
1413
2149
2496
612
2430
2476
2503
385
394
2416
916
2354
2507
2381
2427
2137
2362
1461
2274
2452
1705
2426
2494
1628
2350
1901
1232
1658
2318
1284
358
2497
1921
135
1492
965
1634
818
2334
2424
465
2296
458
654
2071
2361
2480
2099
292
2421
2015
2505
1854
2162
2275
1170
269
2475
2455
2169
1189
1485
2182
1977
1689
1213
2212
1097
2479
2477
1443
2569
2173
904
2464
1308
2340
2554
2438
2451
2255
523
2097
2476
1794
2427
1427
1894
1716
1194
1562
1691
1719
1933
190
2383
1269
43
1464
477
2541
2402
2127
765
2457
2303
102
1625
1970
561
236
641
2394
2492
1203
1732
1865
2452
2401
601
1935
2331
2269
2428
1152
1649
1862
442
2287
2491
2217
2469
2539
1620
2420
2439
2021
1555
958
1129
2378
1218
2291
1364
552
2437
2332
2359
2498
1472
2474
2296
2190
596
1782
1453
810
1705
2437
583
2456
1394
155
1840
767
2476
2164
277
802
2226
175
2313
1907
2445
1970
2277
678
2338
2428
2461
2471
1145
1512
2424
2466
389
2416
1967
822
2289
413
945
2470
1253
2104
2431
2258
1755
2471
2504
1572
2270
2465
1914
2454
1012
1153
987
1676
2486
1073
77
1156
855
1824
1933
2541
1881
2558
2350
1037
1428
1843
1587
613
2350
1711
1196
1354
278
2511
2334
2450
2270
2497
593
1574
2344
1133
905
2509
814
2507
1309
591
1093
751
39
2143
690
2467
2102
813
2393
2112
22
2471
1472
2365
2488
1981
2444
2557
2078
1652
222
375
2039
1398
1250
2456
1604
1577
743
2524
2469
2126
815
806
1017
2162
2532
1652
2437
2094
2428
939
1242
268
1944
559
2033
1530
2487
1317
2452
2177
2187
568
1662
1526
823
1
993
1758
1564
2553
2538
2398
963
3
615
63
1854
1881
2458
1990
2381
1889
2392
1041
2439
1589
1672
2536
390
1234
2475
2110
328
1388
536
1865
306
751
2071
2103
2517
2456
2153
1859
2477
2064
1990
2474
2445
288
1837
2425
1897
1112
2328
657
1151
1273
2487
629
2245
1754
402
1517
1910
1073
2550
2342
1591
2478
2286
1874
787
2450
637
2330
1003
2092
1488
1727
1571
1945
1047
2409
2462
1282
1095
2069
207
100
682
2329
517
2182
2553
1692
242
2233
1454
1748
1261
2227
2522
518
2297
1947
1740
2369
2379
2337
1886
450
2488
2454
2411
1189
2364
1773
2163
965
1633
1639
2468
1076
2203
1243
190
819
1821
559
777
2264
2549
2009
1116
2546
2472
2179
1689
2381
1390
2354
1681
1849
1186
592
2086
2260
137
1038
1409
176
1263
2513
1736
119
2394
1242
2426
302
1841
2553
1270
2436
111
1127
2170
1371
2506
2510
1928
1001
711
1412
2465
1910
2552
681
2342
1016
2383
1269
784
1493
2071
2490
2308
606
1103
463
1146
1575
1814
2104
2475
2342
321
2060
1276
2440
2395
1948
1682
1380
1845
2462
2439
2532
2323
1991
1231
2492
1501
1130
2274
1775
2501
1738
1960
1899
2488
2342
1645
2363
1539
2323
2013
1964
2550
2033
2562
1992
456
2267
911
2451
1600
1034
848
1475
1903
1909
2544
2481
1745
2306
2428
332
1388
2559
2279
2220
2500
1729
2336
474
1999
1733
1318
2145
1760
735
106
1323
2446
2488
2339
2344
649
1959
890
1946
1458
2308
1881
1392
2521
2453
2440
2513
2153
2502
1651
2269
2384
2116
413
1507
1908
1544
2019
1773
1277
2218
353
2360
2196
2210
2405
35
2431
257
1711
1772
2490
768
2253
1480
880
195
79
1954
1867
1521
1907
839
2007
1002
2495
702
2179
2004
2237
1896
2143
1430
1869
1449
1227
1636
2426
1777
2260
2270
2426
2472
2003
659
2566
2520
2159
2065
2129
1922
19
2132
2425
2433
1779
2329
2057
707
1918
184
2077
1109
511
2389
1782
1735
2297
2285
2253
818
2485
1202
2353
2220
1203
961
2441
2386
1259
772
2566
896
901
1527
2183
2347
1326
750
666
2148
2251
2012
89
2114
1482
2209
2413
323
2446
179
2354
2363
1256
1134
2176
1734
2000
1584
1891
18
1655
663
978
2324
615
2461
2492
441
1544
1225
2486
2240
2281
2228
1801
999
1170
2083
2164
864
2265
906
2422
2427
2423
2448
1771
2461
2177
1175
2516
2221
1557
2350
2276
2504
2392
930
1134
1693
1956
982
2369
2427
1457
1910
1516
419
2435
2537
1714
908
1635
748
1502
857
2324
2465
2390
1034
2116
1999
2452
1978
2456
2085
543
2402
1396
1670
2473
1402
710
1087
1565
2279
425
778
2305
631
1835
2450
2034
2306
2379
2281
2148
2428
778
1394
1901
2126
2448
1495
1516
408
1315
889
1581
1621
832
1732
1995
1425
1825
394
2140
1111
769
1373
68
2325
2224
1541
2517
543
2329
189
2001
1865
2344
1738
2190
852
2442
445
1385
1296
2437
734
1834
1982
427
2285
2447
516
1474
1749
2244
2505
1948
2416
395
1523
1699
972
2338
785
496
1904
632
1410
1630
1239
2512
142
2512
1756
2486
329
2028
499
2439
2405
2539
2265
2215
1240
2334
1076
479
2416
2484
1413
2541
2314
1170
1805
2520
2109
1304
259
2281
396
2438
449
2020
620
96
2043
2531
2415
351
2172
2046
895
1870
913
138
61
2070
2497
1444
1475
575
1392
2182
626
2427
2452
2170
863
2447
417
2471
1965
2353
932
2254
331
995
355
1719
1781
1391
2480
960
964
831
294
1749
243
1158
1638
1092
711
500
1461
349
2362
2481
2542
1150
1242
1424
2167
2167
2160
2455
12
1764
911
1362
2102
191
2464
2457
1384
1649
1561
2394
299
583
44
2503
726
1729
1891
2403
2201
1374
2502
2155
2308
1710
459
334
2541
1616
568
2035
131
1313
2412
2044
2085
1262
1000
2366
1622
2466
2567
769
1194
2358
81
2264
2056
1720
627
1465
1673
384
2450
698
2420
2048
2524
2532
490
2179
264
745
2492
1394
2571
2133
2490
2093
2494
2167
829
1590
1016
2370
2458
470
2447
1737
1695
307
302
2257
2504
1318
255
2279
2150
1538
2175
1753
1319
2123
1853
1664
2459
549
1426
2487
2260
1763
309
874
516
830
1345
1949
2281
2493
1937
2160
866
1077
1779
2458
1611
2071
1043
704
185
648
490
823
102
1950
2406
1244
2543
2427
1620
417
987
1411
190
596
2355
1931
2497
702
288
1792
2489
2196
1727
1517
1286
726
2443
2387
2271
1938
952
324
905
456
2462
2480
122
1965
2322
2075
1642
2371
2365
2442
2343
2146
1196
282
1119
1381
2326
2468
1971
378
2183
2251
1538
1472
1871
42
2271
283
2027
1596
943
872
1551
2193
2420
1892
1654
659
560
224
519
893
2396
2556
1016
1911
1628
2537
1480
943
2482
773
1474
2374
1530
504
2341
335
293
2465
1705
263
327
2469
1190
762
1629
2486
250
1089
1509
164
1594
65
424
2169
1516
1384
1797
2452
1324
2327
2158
2399
2490
1328
2490
464
1056
2426
1067
2074
1551
724
2306
1127
1022
1913
1410
1824
2465
1297
262
485
948
1960
154
18
444
2510
688
2062
854
18
2027
2401
426
1644
2040
1107
1020
1495
2228
2522
752
69
1966
2519
971
1690
917
642
2371
2089
2375
918
929
1206
2432
2180
493
1829
2302
1004
631
2073
2432
95
2021
1198
1564
1710
1447
2484
2384
2343
2112
1799
2468
277
881
806
2451
2249
1215
689
2499
380
1997
1852
2370
1157
2001
2403
2030
1760
2177
20
1973
2373
1902
538
2391
1375
2164
1652
1919
1897
1879
2204
1711
1918
725
345
618
13
1786
1116
317
1686
2233
1572
1993
337
2466
1241
1144
2357
539
1682
2466
2499
1666
1060
825
602
2043
632
2479
2429
2371
544
1783
2016
185
2036
600
1294
2436
563
1371
1346
2419
1480
1219
2291
2419
876
12
834
520
1708
2290
2390
1519
1525
2069
1392
2003
576
2417
2434
1961
2198
95
1659
2371
2257
2487
798
2311
140
1756
1825
2441
1971
2570
1083
2483
1358
1545
2411
1129
1313
2389
1124
1652
19
2178
2488
2106
2534
2
299
1458
2315
973
120
2551
196
665
2524
2473
1487
2310
657
497
1703
492
2551
2201
2206
37
1008
714
1113
2458
2242
1152
2467
2232
581
2474
2566
1904
2155
474
1522
2425
1680
1681
2487
2520
2357
2146
2443
2360
845
2259
1543
2081
1871
606
2520
827
2067
574
1837
2497
2468
2505
2334
307
1627
2461
623
2338
2194
1277
1053
417
2505
932
2515
2364
610
1960
2401
927
1941
1035
1094
2526
2450
1708
2472
1244
960
700
2554
2433
2292
658
1176
1204
935
106
2181
2154
2258
1100
2370
2474
2402
683
1160
2347
2079
2433
1960
2549
271
2150
136
2099
1172
880
2501
2524
2444
1341
1253
2134
2259
1502
2307
2449
2318
968
2371
1924
70
967
2394
2335
2208
2299
569
1593
1976
1460
2171
1054
2243
2456
1987
2361
790
2320
919
2349
1228
2455
2460
277
1710
62
1882
2519
2281
344
165
2489
2459
2370
1634
33
617
2106
2315
1459
795
2089
1062
2257
1875
1764
924
1154
902
854
1772
2512
1677
1937
714
78
2196
1726
2552
2393
2151
227
1144
1898
2285
264
166
2228
1871
385
2517
2397
1495
1821
68
2496
2235
2457
2460
1392
2466
2495
2420
1394
2164
2428
711
2436
2064
871
2066
2494
478
1694
383
1395
2167
1565
2403
2208
2246
1459
1430
2465
1953
2046
2375
1794
1405
2058
802
648
1671
1685
2416
1841
864
993
2366
1752
2308
2306
2501
2405
797
1702
1972
2239
1414
545
2459
1246
1711
2505
2303
2400
2099
2448
980
2275
2346
1252
2146
379
1738
148
254
1622
799
2359
122
2233
1725
74
1747
2525
1826
2433
1503
2504
1379
2465
1856
2226
846
2456
563
2311
2014
487
2416
2206
1214
2413
1773
2379
817
805
109
1062
2573
978
1019
2518
2511
2512
1232
2235
264
1946
2556
2497
1557
1705
2395
1998
2432
302
610
2238
1805
1253
2191
421
2320
188
2412
2526
2465
1698
1350
259
2509
2546
2248
2495
1671
171
427
1109
1733
2463
1765
2323
2420
893
2133
2431
1739
1387
1650
28
1402
1237
907
2004
744
1515
1267
2273
357
650
1161
1615
802
2323
86
1532
2487
410
2402
1395
2546
2134
2047
274
597
2241
1039
103
2278
638
1337
1805
944
2192
2462
2380
1099
2195
2251
2466
1262
2109
1956
41
436
2459
654
1112
1058
2432
1428
1274
2204
2065
1202
2046
1486
2468
1982
1573
799
1823
2293
2105
1004
2307
1985
80
1914
2370
2347
1431
770
24
2016
701
1978
2174
1454
2184
2371
911
1567
2357
2020
826
2054
2078
1018
1860
2033
2271
2495
1780
926
1546
2090
2406
230
2402
2261
2349
2454
130
2443
1565
2364
15
2423
1231
286
871
2260
197
283
933
2375
1223
1270
1550
2527
2076
2219
2296
2069
2416
1595
2192
1541
2490
225
2438
2096
1101
689
2471
2449
1498
1640
2302
1849
2242
2383
1970
2436
2374
323
2556
310
1734
1307
1447
2421
130
1748
222
2430
2439
2386
1557
561
834
1345
765
303
2470
331
1748
2510
1965
1144
305
2454
1662
2144
610
2253
1486
2427
2485
1538
2372
2478
2146
88
2469
569
761
1149
1779
2493
2288
1593
2362
2090
440
531
2327
1030
2491
467
1748
823
126
419
1380
1770
2389
2367
1623
1508
1107
1512
1449
2447
1398
2167
2449
1540
1593
2023
2566
884
2451
247
2490
1932
1688
911
1419
2458
2045
1948
1847
1491
1535
2321
2507
2418
2132
929
2486
2324
2495
2131
322
180
2191
997
2324
2326
2084
2495
1319
2558
870
1271
728
1272
2459
1705
1846
2279
2424
2329
1924
2415
1922
2366
2229
1587
981
2329
983
2310
2215
1734
2450
574
1236
2344
2421
2551
153
2415
1457
1318
2489
7
1692
2346
2397
2194
703
2474
2517
489
1263
1059
2143
1875
1967
2453
2380
1346
2501
2241
1041
2156
948
1359
2264
2421
2350
2543
2007
2064
2506
2374
1349
810
349
1621
2451
132
1542
28
860
1635
392
2285
1382
1944
865
301
1488
2457
2244
873
1297
2446
1494
2224
1979
9
215
2270
840
2507
1226
2439
2483
1125
1520
2500
1932
1015
2022
1146
2545
1693
2182
1109
1386
1994
1552
1259
2227
2496
2264
1946
907
1744
2502
2146
2535
128
2412
941
2423
2464
2480
1965
2289
817
1057
2453
985
911
867
1728
990
2484
2348
1496
32
2444
1507
1298
1394
1318
1301
2327
2497
2511
1436
2250
2369
2141
1261
914
2517
2334
1999
2458
973
2164
1464
321
2341
1963
1234
741
1856
1286
252
1604
2458
1777
1480
2201
2357
244
2398
1943
2151
1053
2015
276
1667
1904
1533
2146
1800
399
202
2025
1700
1784
1637
2500
2198
1538
1270
2190
990
2393
2225
1057
2165
2447
401
235
827
1634
1623
2552
87
80
2504
2359
1189
1850
2407
2358
1508
1280
1098
1075
2475
878
1879
1819
2023
1070
1895
998
2367
2150
1494
236
171
993
2478
2260
2538
2440
520
196
2380
2066
1414
1843
1004
2478
1757
2470
357
2122
2562
1019
1559
289
2498
487
213
2143
1948
2417
2254
2559
1920
2552
2233
2478
1798
722
242
2455
2467
588
776
533
1992
2249
1972
2145
164
1431
2474
1691
2471
2082
2460
1247
1387
2471
1118
2415
1709
2081
1446
102
1609
2538
1602
2443
1541
640
971
1872
2222
1932
1836
2479
2082
486
2542
2212
1842
305
2490
1593
1203
2466
332
1941
2459
919
2538
2364
2328
1522
2283
2542
2112
2413
1648
2018
1812
1620
1031
2240
2235
2540
2518
2491
1807
1975
2437
292
970
2414
2513
737
1280
738
1812
2492
2478
2118
2395
2360
306
2435
2459
2566
2355
719
2469
2536
1031
1488
31
1100
1708
1970
1740
2000
1670
1318
1950
2395
447
58
2238
411
1598
2447
196
2051
795
1768
66
1828
1993
2381
2420
73
2561
2015
2443
1945
772
1830
2474
1001
712
1241
1797
1577
691
738
1653
1512
1951
1981
127
2413
2158
1980
2428
2203
2285
1437
832
2487
2554
1788
1788
1296
1788
1350
1668
1661
215
1524
1341
1766
2346
2179
696
2338
1535
2472
688
2419
946
1560
245
2364
2455
1625
1268
2413
604
1618
1524
735
1415
2113
1106
2291
2469
1042
1793
1974
2447
