1887
941
936
944
944
1887
969
1887
944
967
931
1887
956
1887
964
945
968
969
966
968
1887
1887
958
946
1887
969
969
1887
961
1887
1887
1887
902
897
924
1887
962
1887
949
1887
963
968
944
966
968
948
1887
964
893
1887
1887
1887
945
1887
1887
947
965
929
969
931
1887
933
944
944
968
1887
1887
1887
1887
893
936
1887
938
1887
893
956
960
1887
1887
1887
966
967
961
1887
947
958
1887
969
960
964
969
965
1887
1887
948
961
1887
1887
1887
968
964
1887
1887
892
899
1887
1887
965
884
1887
1887
969
954
969
891
1887
969
1887
962
955
965
1887
953
966
967
969
957
1887
968
952
958
959
969
883
1887
1887
960
961
1887
1887
1887
880
966
967
967
968
968
969
944
1887
968
1887
1887
969
872
1887
864
1887
966
1887
967
968
968
968
1887
1887
855
1887
854
969
965
969
1887
852
1887
969
1887
966
1887
853
967
969
1887
969
846
1887
1887
1887
968
966
969
845
1887
1887
840
967
946
955
969
968
950
962
969
837
969
968
1887
960
1887
963
1887
1887
1887
834
1887
969
1887
961
949
967
969
1887
962
831
968
969
1887
963
1887
825
1887
967
965
1887
966
944
1887
820
968
967
1887
969
1887
969
1887
969
823
969
1887
1887
960
1887
944
1887
944
816
1887
944
944
962
967
945
968
968
815
969
969
968
969
969
968
1887
1887
812
969
1887
965
810
1887
969
1887
801
967
1887
955
947
1887
957
791
1887
962
968
1887
1887
1887
944
968
969
789
969
964
966
1887
1887
969
1887
781
1887
960
945
967
968
1887
964
779
1887
961
969
1887
1887
1887
965
969
969
946
945
964
966
965
1887
1887
969
967
779
968
968
969
1887
774
944
969
1887
934
944
969
1887
1887
1887
936
1887
942
968
944
967
947
969
944
1887
968
968
1887
958
1887
964
1887
757
969
1887
752
959
948
1887
965
967
960
1887
969
1887
961
1887
947
946
969
1887
1887
962
746
967
963
966
968
1887
1887
969
947
968
740
969
1887
746
1887
1887
962
957
966
1887
963
965
733
966
958
1887
1887
967
967
959
1887
733
968
1887
969
963
968
969
1887
1887
1887
723
1887
964
1887
721
1887
965
952
967
954
956
1887
1887
966
945
967
1887
968
946
946
957
716
969
1887
969
712
958
968
960
1887
1887
1887
1887
962
1887
944
969
968
966
968
1887
709
1887
1887
969
1887
1887
1887
707
701
691
961
948
965
1887
950
951
1887
945
969
1887
1887
1887
966
944
952
967
679
967
1887
956
1887
957
1887
969
969
1887
949
950
963
965
959
1887
1887
1887
678
1887
964
969
966
961
950
967
962
968
964
1887
965
1887
967
1887
676
1887
1887
969
1887
1887
966
947
967
670
966
1887
1887
946
967
969
1887
968
667
1887
1887
1887
969
1887
1887
969
666
1887
1887
664
663
917
917
634
1887
1887
969
1887
1887
1887
1887
944
632
1887
1887
635
1887
919
969
632
966
947
1887
967
1887
1887
635
923
948
950
947
1887
969
1887
969
929
1887
969
951
934
1887
969
956
959
969
967
1887
952
952
1887
1887
961
1887
968
953
969
968
1887
953
1887
954
966
954
1887
1887
969
969
643
1887
1887
955
1887
645
1887
963
964
964
1887
966
647
1887
653
1887
944
965
967
967
969
656
1887
1887
1887
969
969
1887
969
944
1887
959
670
1887
1887
1887
673
960
1887
966
963
969
1887
969
1887
680
1887
968
1887
966
956
969
1887
1887
683
966
717
969
1887
967
968
945
967
1887
969
951
1887
969
969
969
966
968
1887
956
1887
969
967
1887
721
959
969
1887
1887
968
1887
969
969
963
960
1887
1887
966
726
1887
968
1887
966
1887
731
969
969
1887
1887
969
734
1887
967
742
1887
968
968
1887
965
1887
969
746
1887
967
748
1887
1887
750
936
968
1887
787
951
957
1887
1887
1887
969
953
954
944
961
968
969
957
1887
1887
964
969
945
969
1887
1887
958
946
967
969
962
1887
969
969
1887
1887
968
947
1887
966
793
1887
1887
969
969
950
1887
959
807
1887
967
964
811
1887
968
968
967
969
969
969
969
814
1887
1887
968
1887
969
1887
957
956
1887
949
952
969
839
1887
953
955
964
1887
1887
945
1887
968
1887
1887
969
957
958
850
962
1887
1887
1887
860
959
945
960
965
963
967
1887
1887
1887
969
968
863
1887
1887
964
945
969
1887
944
967
1887
969
968
1887
870
1887
968
944
879
966
1887
1887
969
886
1887
1887
965
968
969
1887
966
967
1887
945
892
967
900
1887
1887
968
965
968
966
968
969
902
969
1887
1887
1887
909
1887
965
969
1887
914
1887
969
969
1887
967
917
944
1887
1887
914
1887
1887
969
969
1887
924
930
945
1887
1887
935
1887
1887
911
963
1887
969
1887
965
937
944
1887
1887
967
944
944
946
969
968
969
968
965
1887
953
944
1887
969
954
1887
1887
1887
966
955
944
944
1887
956
1887
957
968
963
1887
944
969
1887
968
1887
968
969
1887
968
1887
892
1887
1887
968
1887
1887
1887
883
1887
969
969
1887
969
966
948
969
1887
1887
1887
1887
853
969
964
1887
967
850
1887
969
1887
1887
943
845
969
969
1887
1887
951
1887
969
1887
965
843
1887
1887
958
1887
969
968
839
1887
960
969
1887
969
968
969
969
1887
969
964
969
1887
820
1887
969
969
1887
969
1887
967
969
817
969
969
1887
969
964
969
1887
969
969
1887
812
1887
969
969
1887
967
969
1887
968
790
968
1887
969
1887
969
1887
969
1887
1887
969
969
966
969
1887
961
968
1887
785
969
1887
1887
1887
1887
969
965
967
777
969
969
966
1887
1887
969
969
766
969
961
1887
744
969
1887
1887
1887
1887
963
1887
951
969
1887
954
969
1887
960
969
969
1887
969
969
969
1887
969
969
969
969
969
969
737
969
1887
968
1887
1887
969
969
969
966
969
1887
1887
732
1887
1887
1887
704
946
969
1887
1887
1887
700
1887
969
950
969
969
953
969
695
969
969
1887
1887
1887
1887
1887
956
693
1887
969
684
1887
963
959
969
1887
1887
1887
680
965
1887
969
678
1887
969
1887
969
969
1887
969
966
1887
969
969
969
673
1887
1887
969
1887
969
969
1887
669
1887
968
666
969
969
1887
1887
1887
969
650
969
963
967
969
1887
1887
1887
1887
969
1887
965
1887
969
644
969
635
969
1887
1887
1887
1887
965
969
969
631
638
956
969
638
969
1887
969
969
958
969
1887
1887
1887
969
969
639
1887
1887
1887
969
969
969
969
653
969
969
1887
1887
1887
954
653
1887
963
969
1887
969
969
655
966
656
1887
969
1887
969
963
969
1887
969
662
1887
969
969
969
969
969
968
666
1887
1887
969
968
966
669
1887
969
1887
969
1887
969
1887
1887
968
1887
969
968
1887
669
1887
1887
969
1887
969
964
1887
1887
1887
672
1887
1887
969
969
715
1887
969
969
969
1887
968
717
1887
921
1887
969
942
1887
954
1887
956
717
717
969
1887
1887
944
969
958
1887
1887
1887
1887
1887
960
969
1887
717
969
969
1887
717
969
969
1887
1887
1887
963
950
1887
717
1887
1887
969
969
969
969
1887
952
1887
1887
717
1887
1887
969
969
717
955
1887
968
969
1887
1887
969
969
1887
964
969
1887
1887
969
1887
717
1887
1887
965
969
969
969
1887
1887
969
968
969
1887
1887
1887
719
1887
969
969
969
731
1887
969
961
969
1887
963
1887
731
969
969
1887
1887
1887
969
969
969
969
969
969
735
969
969
969
969
969
969
1887
969
1887
739
1887
969
969
1887
746
969
969
969
969
1887
969
969
969
1887
748
969
962
1887
969
969
1887
969
1887
969
761
1887
763
765
963
1887
969
969
967
1887
1887
768
969
1887
969
1887
967
778
969
1887
963
1887
1887
780
969
1887
1887
783
1887
969
969
969
969
786
1887
969
969
969
1887
969
969
1887
969
963
969
969
967
1887
1887
787
969
1887
787
969
969
1887
1887
968
967
1887
1887
1887
787
1887
969
1887
1887
1887
1887
787
969
969
969
963
789
969
969
965
969
1887
1887
806
1887
1887
955
1887
967
1887
969
1887
969
969
806
1887
1887
1887
969
1887
964
806
966
969
1887
969
968
1887
1887
1887
1887
969
849
961
969
1887
969
909
969
1887
849
969
1887
969
969
1887
911
966
969
969
1887
969
968
1887
969
915
1887
969
969
967
1887
969
1887
969
969
968
969
1887
1887
969
966
969
926
852
1887
1887
969
969
968
1887
969
855
969
967
969
1887
1887
1887
969
1887
969
1887
932
1887
1887
967
969
962
969
969
969
1887
944
1887
1887
1887
969
859
1887
946
967
1887
950
969
1887
969
969
969
969
1887
1887
1887
969
860
969
960
1887
1887
860
967
1887
969
962
1887
965
1887
861
969
1887
1887
965
1887
1887
969
862
863
1887
1887
1887
1887
968
1887
969
865
1887
1887
867
969
1887
1887
1887
1887
868
872
1887
900
965
1887
922
900
1887
1887
1887
900
969
1887
969
1887
969
1887
969
909
969
969
969
930
1887
969
969
969
911
1887
969
963
969
966
1887
1887
969
1887
969
969
969
969
969
934
969
969
969
1887
1887
969
967
1887
937
914
969
969
969
1887
969
1887
1887
969
969
1887
940
1887
925
1887
942
929
957
1887
969
969
969
1887
969
969
969
1887
969
969
969
969
969
934
969
946
936
1887
1887
938
1887
1887
969
966
969
1887
969
941
969
1887
949
1887
969
958
956
1887
969
1887
1887
1887
969
969
969
969
969
966
1887
969
969
954
1887
1887
1887
969
966
969
968
1887
969
957
1887
969
1887
963
969
1887
1887
1887
966
969
1887
969
969
969
1887
969
968
1887
968
1887
1887
1887
1887
