362788
250839
385673
15890
147787
6896
119507
548468
5893
973704
7511
237662
424112
16109
941795
13092
160712
403930
1963396
223155
179794
1732300
58738
1965431
9050
394604
59868
2842564
386338
1520218
382778
30358
4547298
4218931
1979988
10663
3988933
4391577
1601
4152184
1137464
4031569
149794
22699
106588
5072202
6580835
1077859
858360
2617784
3263939
1237101
3237572
10152
2576832
25048
6369713
8319898
11278
6300213
3861000
545400
41559
9309627
16510
3308243
1760723
6113549
8574
8841847
140140
8794128
941
4409390
4188
7067130
10518075
1159483
5135
5206411
3363
1697399
9070871
5356310
4724700
24564
5585042
10990
7287411
10982
7103946
15750520
17577985
7282413
6582
6469477
4367545
15813694
377575
2194
13689578
14662850
48714
16832156
76779450
15598177
1702003
9194492
16243849
17386769
17123260
22556196
7923
1396458
7389764
2724152
32379
7128080
20959
6865913
6627591
1612693
4450
8602569
55727
2063474
12033313
16907
20270676
69949
4881674
13148
3145767
4467
348730
17785839
16383346
43320
3410689
18762884
198656
20430821
21095143
2902893
43563
4436882
22953799
13853633
10128964
152940
3878623
55471
9583182
16000417
18487044
48375
19074862
9317
6547571
11976
468332
23003931
25627389
70605
517741
77927
20027197
20458373
74215
20530789
12538013
61974
6535970
21482244
22892030
43601
12510428
21209518
14762
33104932
2219295
14863512
13611
24644072
14711764
196842
2058653
22033363
23653
29726378
12066453
4888665
15689511
6356
8951586
29483877
4354928
16755
5758824
27849785
33088807
18843
2836221
5343566
17577
25049219
16093
34828889
159158
31583733
13611
2121655
18748
7980611
29804487
22928991
13309
2885758
24687
27845752
29862537
80868
21853510
32001082
20481725
17859
28339754
72874
4171953
25580891
24143522
4995325
36074538
4442772
6724895
72296
9315032
28327984
47841
14110221
39434303
33184873
5168
5056903
4675
35563181
4262389
32805181
12993
12088297
17796
36751213
28825447
37130741
47199057
17567
39904431
3482563
9529
38819177
11734
14259492
105301
3203419
55652
287202
38380
5730420
38038507
34457
22321020
9498
43789817
9959235
4896650
9603
33697210
20411101
41574282
16317446
18361
17783137
55187743
734892
121972
29363213
33586702
44418
46877736
22276
29795203
19994858
10661756
8602833
43762912
84608
14793442
40010380
23282729
174742413
12381282
13296
15939794
24228057
57319555
32552
39208376
3062
46384993
11934594
10811
25164667
12139
38810132
23362
17035702
14126546
49931258
50827
31950261
16547
68669095
20715675
28257
42114325
19332
34814053
1749905
9305
19580900
56008988
42321
6647763
1297701
531205
18491185
22248
65180133
58119
57717622
8307
4280949
103871
45786817
68166909
52361539
17285
46953822
512611
8770556
3877628
18151398
65946924
72372
23350226
2390259
24152
5649769
60409782
40457
1475666
15656087
29559854
33826
56376592
47029
5961205
1076689
748132
4342856
64895
3317743
27787985
17396739
19359910
198625
1967037
4272
28736839
25466
23991286
1324302
4795532
55252
6016477
46613933
43635322
66120410
65731500
50441787
18944
6923272
147187
31806688
18404
1356207
453595
25006496
52484701
46926
8198193
53869682
26105
28714473
296460
45351
18941653
26629
63468208
27363
31046627
96563
75709030
23296
78489878
69647598
67537901
63161463
35314
31040838
48364700
15616
68247988
82854614
12995533
77562468
37752745
160042
66065296
56070
7420988
70173
10225399
333210
15817016
4263
75211141
31609756
1951613
25077923
25277860
18966277
124080
43326354
59225865
2350939
50842540
20106869
93298557
26828449
42448
63003701
4559430
43429579
53218
68364731
54383617
2837326
9840714
43120220
15283414
38457
92180394
153052
4536952
45603
43088498
51802496
23252
82233899
194384
59865979
72335206
5179556
59062594
55767
68711362
34025965
13261161
19481
93590732
51883
59247631
68832
51392564
85155061
106861
419152
30504500
24583651
174087
51287687
71149
81676739
25477661
6589456
60158356
63440116
79255536
18257
1763822
48188366
6423500
1561267
31863043
1759777
76232091
35382
46063553
48500
10654493
53349
77684228
43289
98969848
23811
61039887
226296
75724240
581884
60112035
116983
37904595
62788
61078680
78612
9087008
264723
11658782
152884
75350964
81102734
27810266
30046143
8250
68681608
86704
79869016
29660
16570778
13281820
92623672
62099210
457755
21763030
87690442
79222678
87187510
26632232
33856
74822465
131853
78771944
14026870
159438
37277089
718161
53218
33885794
25443630
274986
56559458
82517825
123081
26970604
3715750
71995464
9106635
3459627
42642910
46670242
68465171
27906974
12247076
23366
30962095
37142557
86122043
15613535
15468113
47110839
33959
4354008
29544738
36039942
165384
75530401
75233756
93551402
55453210
50471773
38366032
18231
14495432
561846
38494233
33854871
32005
40308012
15543425
202229
75445215
98509
59267242
16687
24907738
69835375
586947
94061992
38077
41296637
88206
87858279
37466017
55916893
9862694
81843196
176643
87342672
41418
22884627
52950
28713829
268356
43839333
66420
21967299
2085987
7499036
81697
39083971
6665734
24842816
30262455
21848
92294871
146831
3099434
149311
92437283
47900064
91622628
25499
27297767
56192
39571558
72978684
12137558
41960556
25485837
97029
82932480
67982067
39608630
121255212
127603
79409862
33323
84153308
99456
96836039
2322463
36945676
84354425
29180042
43926000
22234900
31202348
34761814
36573453
114894597
60395
86027356
84843247
14996
19638936
3878502
32176
5821304
349589
119309039
304888
25771400
128585
38878797
29597
98348055
43336327
120721
70904432
80804
126908692
85030710
82341863
2318037
92227583
96221
13966961
13997
125005071
63172
24647797
34061
3696959
715927
20163982
118218
41895109
55333
98651188
88689762
17298343
131564932
9789238
83444052
98192345
70547
4051063
101146028
80740542
93798334
65699134
65846
59941746
50218
44502053
48568930
14858358
12974008
45753155
10866431
73427196
209373
91469711
46809758
101462550
104300799
89418580
44419858
111069976
18149759
108846311
607816
40056941
58051
16566896
28240105
40353894
94661243
269870
126687201
43804473
136541068
47635644
400221
3322517
131379946
1414091
12755453
416636
82092104
17999896
125682301
80633
108324761
38963938
237194
694102
30232601
446401
110822286
56882869
103208265
5243950
21889
105369128
441897
95242243
69395
84177337
47436246
54805
9636731
8533989
85547925
53234103
50525925
55848
37587861
48531
14551468
40084
119240483
40699996
48719
19616101
14379648
49365
4671418
91761507
112290118
33736023
524387
26019756
22976581
83267536
491409
17195050
69674
113831387
65135
2369888
281221459
137123174
52168413
9652395
419623
53874395
64190857
24882
92780220
61625
108001074
118870
72934434
58105
39178491
9835
101734070
112523244
168336
108162608
95830907
506791
21164526
89954039
73488
49692868
632049
48027913
60949
96696095
113473
50928048
91146
8431412
75680
150561621
280946
18785471
131897
43988416
83513
126018511
104413928
47766
37151002
91347994
7273159
17168873
147252419
45880
119958729
84358
47503727
35295185
35521794
31520464
32206235
75271
38837855
63354
40761471
166093419
568012
37893060
8646604
63768782
51716
59799810
21066065
321399406
24088567
40868874
57980
61193478
85264966
549676
121897169
68011847
593233
143359392
127675377
135543103
116231439
90573427
505068
45287667
129544
36938877
34164375
160747204
9731929
75105088
10412184
143455987
85580
83690365
841123
63589972
86704
45570083
122423
50836824
17988432
155325
48334320
64780730
2508375
166704046
138416860
50276396
64436794
60308
128859439
61833778
26851994
1721000
114815895
170056379
106171765
135856899
103910216
110254213
2065077
89881006
74747130
1241937
136513080
294322
11531721
344690
8367620
62930055
79614
9334095
280789
7636697
57311
106919487
174989
19972121
143140729
338624
117460634
100318892
88483
51588072
269308
169651937
116228154
91753113
486427
108831834
16650494
164241
87059350
161271
13101809
102664
29658541
150269993
91934
58262407
173047146
1431861
38001555
80083
108721902
69938
57279751
20809564
4616453
28807635
167128
19423163
1002917
121586059
49144660
10806122
70833402
17145198
128293
39969901
1283322
109286572
139456077
48705
20234459
86284
92412809
140190592
11225982
56484
41280090
641663895
156890354
136955621
42737805
236929
118579967
167823
112292115
2711675
23879926
130375025
24550487
129966
172386037
104339
81429157
76370300
99207
61966469
53440909
172747038
58117164
58809
60020529
127033790
77928
110520637
58944680
186597672
64896
154713032
456355
62420390
42213832
91796
93788416
89862
132099426
76867
23904510
63884033
140764706
66109932
816433
99730
143101749
34176896
367257
133402244
23663025
84495
47953718
129270440
2407401
85968913
136951646
3604510
137206233
70024
27678272
81632
96673093
5958787
206300358
7398951
58179447
117499858
229227
18386167
189425867
85793131
37856331
243281
50988395
3185321
126457311
151897616
154753145
175617351
55680
44066825
83569918
177396490
73535048
114999990
160798703
165061
174477928
32258
123541434
124794
88426387
446956
171831591
150391499
120152
182515189
168016210
210097653
211739
20894451
119240
171813053
99547
104407473
141529231
379013
33294835
94113
169880074
244187
36274826
718000
140121312
196194180
48024763
65670
19921957
14448007
111944
35168137
26904
117157957
63651646
24249569
139631084
1420068
160794746
70965
11603783
60205
135097429
149219335
3349754
29747963
175062359
147603
13067025
42916567
165109
165381812
51726455
48942367
244024
205266381
85010224
58672560
79281318
72943
154976403
92871
69233129
120759
201354824
68060
175318739
228853
169748408
604396
184935112
301146
212055329
214854201
174107812
295799
208011084
100676
138997953
17229878
183124782
45245657
171836691
56868540
65783
6200780
150880399
25747304
686233
195032996
49190368
91534
162463756
28822619
53161
55325292
4343489
281129
59725510
33919274
90944211
157683056
11311313
83762806
389964
157388148
163797049
1375838
185797148
7485483
30059970
83438706
194375
38368138
159562118
517187
73484038
139187
123410951
174032023
116581123
1422063
111261368
71708983
78790
18308147
123501
36671414
125775
212453291
44393844
92298
6521694
201569454
127348
62669883
102817
73780998
18345445
87885478
1381482
150640003
77781
47277818
174757675
157316997
102832
189641159
57026870
3721513
78870407
106620
89836907
102077
16746766
116244
42885267
86528
71729637
65912006
183812137
63397
45126617
195408529
185846440
175292880
79273540
211560
184505194
4623325
209083282
131888
145992829
1178535
177157054
72449288
200192015
54333
200251867
222217058
97616
25027991
386600
182705008
172468861
226815271
146509759
52915
27510082
4047687
155510677
58138259
102155
173210117
411637
43677732
251041
185870915
67141200
412446
78700842
131139
162587272
1814862
10400588
136771696
2240784
239978668
126616
72895936
140523709
200725487
46913865
199976
82980612
173334810
209495089
250217
182000875
18897736
353585
73006127
102574
98925399
836924
75560751
488275
209857305
308151
91621997
227911894
2131792
176416060
167902525
3332708
83229986
467461
195773142
167138123
169406129
121723492
1657831
184711316
89686
113455659
732573
75216774
88638309
1639900
157475513
67188505
1430481
203355832
198036468
119336269
71990
78507284
193286233
67828507
37097436
128898580
203724
177914840
40727764
47544561
101288779
190884077
23420521
73163073
126716
190494896
482776
202718117
101760
6325450
172981561
42548495
473181
7027268
211429864
12057991
159371226
143957
31890692
67706
199868607
79627295
145848244
93456786
116889
216204267
54687
29606534
248183331
865458
35090910
133490531
133165187
115593357
930589
128643371
34620154
55884709
37582667
138716
85213756
83719
218598576
138874879
54405219
210528623
49683635
294671
162492039
19617971
872296
206847123
285264
85120548
1927177
94184466
261921254
141241
210721196
170975
13371339
195853884
229263291
110945
168038934
201386717
23071277
49106
36751601
142477405
87908
141861235
204851363
36206677
20416552
137627906
162904323
2439692
74692149
115811
216700242
106096
114705386
180558961
25348
37678979
108545107
67019505
183025719
101438971
52895
186425118
66942719
338843
221839411
152153
23566057
7990849
127783165
190272636
379901
18859561
153989
60834837
154293
115233166
26655
245609197
180523521
121938
90641404
215716114
172448
248664658
460893
20420435
203251557
903658
216712338
182842336
160674183
42235287
72905326
178905181
141142
210755277
316948
253548054
33845263
248207099
81540
57817794
269788430
95600
34515602
255937
181788549
202801369
1298124
184278117
108195500
188547538
137237207
214384
149529390
126499
226815710
81145889
1248466
24450225
164408570
136886
177066793
116664657
467420
62889446
177048
199462058
89027
77997506
80712701
91229299
5834542
21748634
55764918
147266
42280042
434578
180696280
81383454
41456457
191523169
115240
74014290
109474398
22631337
56103697
30748722
59767754
65063506
92108818
83420742
155200
185334987
98719832
233390088
135287
12502748
76582
162658656
206924
74708354
202679
66470962
2922321
30906535
89033
22478766
150230198
202550
243765809
24124091
121664219
52840470
2156281
11312363
315613
13291471
47880001
96090
10060118
662618
156707769
80305
173162872
90155940
2615652
92515365
164151603
85510451
160049
139874848
294876918
113388743
269009722
136108240
252172
22038369
135271
42580187
167900229
113367
129107309
73486
138561433
17502550
78165
126940510
250482449
110716375
4750532
3401961
31067231
411826
158680012
280346035
159309
66520735
262465750
249559618
210363022
211879
2050731
67418378
114536106
918029
35119934
86923045
31530623
289177311
1373338
18799755
89823885
156278144
199772570
299675446
289692616
154592
717290
14741961
137438
98850929
305187
230057244
977276
160672321
38964977
98708597
63103784
121546198
513471
305273953
785956
56731104
29729708
85913924
10148614
153160024
57264352
246475725
7303438
47370209
24585546
81176818
113180
158385114
291202426
103816551
11996629
230442531
47335725
304032691
94929938
188272764
64168961
287447
29611311
8952249
236445110
46403288
22587225
5747349
126080138
73543704
1450782
28026820
80998948
240588063
87750979
3414121
295506585
1118160
257392300
261006615
402028
16290891
136018719
54438374
125978
154514439
288992283
110772
262566993
313861879
599923
38640661
148530747
389857
98365794
44786
112241889
43868
285849501
83185
225043072
202494
316661813
117218508
123441905
151055
75777274
2443316
25007497
90024
128157205
12978127
85400781
150489
216789003
968820
291523127
26476863
223797
249114390
310432
290040929
6216690
80138789
68884952
112453
123762859
60486
61693737
660520
78888075
106416019
12395254
3449849
217652869
284341700
13407653
46664564
40843008
511359
39788921
114556
223522370
7881203
66662
55083261
717874
75043564
3149302
124824315
328875354
110957
116971380
90053977
336144
142583957
216314390
243744034
619916
54277215
363646
97510989
259343305
338427509
181461
290203923
157981
105800960
169212216
118617265
99623946
183252
299327176
80410314
234382411
6628753
3114702
73816989
62237762
161307891
262482377
53869474
320589
77512278
240112313
514602
283279328
231419699
94364024
389337
74102572
179087657
457277
66097510
208428
302607040
42345203
178787480
2341019
16149012
1491918
97633137
471921
70891739
505075
133284325
13635200
23475042
89356804
697811
285392589
748165
311527430
291767
281682150
117144897
268497121
5861146
287693314
136627986
193983
133920807
147341
230493540
355936004
187982
321985056
4207711
75693442
238156315
168303063
8200965
336221892
2768258
113715519
231113407
960900
121647390
96843102
98660
332083205
27006250
250738906
77909817
281035260
152209
27160622
13787783
159559047
165012
81795856
37409360
42392325
77983398
210672
23005025
75281954
197749813
66696722
240048
240154787
474016
247441524
46481938
2034265
299525772
290850721
155295
7721593
325845404
262613812
268018
6099092
11561495
28867293
247315699
66366423
25193494
163244
281028013
319137
54803133
13287862
367926245
123252341
263151107
344374204
437809
225487885
106102572
468607
120431732
108680545
275871530
3003235
178961
121987624
157382395
353490833
845190
366737421
225519063
265902246
106839
34212044
1707314
49052635
100029826
490034
170039309
43403114
381029200
22476517
309736763
327640
286814114
2970703
213680422
79272
232966663
14726735
215421
3910991
179435
352816805
121541
84249589
304838042
200443
272335424
247375
73973699
24752650
13694027
83211803
1570334
30633146
121974
382086572
297210531
150920795
273374409
356419
115160174
376885
88501609
29261139
17112750
77671959
8086212
1330674
49599811
34978948
666595
136450746
7375452
235269014
226982299
315561295
41946450
239333510
1250518
14722408
129791710
60189857
337674
127108312
22028229
430604
24178529
134866
202135432
300902840
655552694
50470699
11710084
2349227
176225147
139744
44653750
178647
292440274
8375924
360860702
2510118
149623985
126651638
910660
100870513
40467965
347382
101963325
590464
373395973
86575924
85519903
35200719
66810345
134746
121511388
1822772
120957106
288327981
234896
55960423
323235991
246547942
29760076
19891359
266728290
195407779
56904151
385083087
124408124
61009007
126528756
117498302
1719270
269540942
94430596
114398123
4050887
300894235
29834876
139275210
44955887
94470
169277478
349698187
204641954
201351
63098438
419331
264392189
234354
320492188
2267321
276500901
302540141
328479815
193684
38424078
258437179
189784
187217480
2709113
320087342
382280530
35353413
208788
73709441
231096
263011875
121397721
27070044
751338980
97845049
382883
136538286
236062891
91824852
109759917
363822577
314763710
15460524
115207863
109753578
33035776
240307397
301755915
3959635
241496233
390451299
395464693
60601121
15156259
241976428
558594
22720572
68330300
412126170
212085
7256079
1543443
92525948
318983474
341466485
131015098
100942296
28020782
395106
278812416
76275339
161705533
596405
272389256
137627
110718391
199887709
40735664
214785206
121358
130615173
254158602
46454206
192392449
202293
90343839
164662708
167557
22678044
191071
1310337
309243468
322015162
3270875
386503834
449192
272162764
89382
174402346
328086490
303441453
149270901
79595332
1087957
71522794
272630722
294545
73255225
170174
245396948
10183472
229340
175848270
682214
182209387
406820053
153239
46597614
133698292
130862551
96412966
11588592
113470
111910611
322311
59393467
264082
172695248
212008
419265725
233010
171509
133719789
259361
411552766
805638
115674348
120192915
3250166
313302571
54870790
494951709
8348546
30881427
36997066
24804198
405399020
276612573
188311
121023667
8349625
373428134
64118
168535731
306411607
212698
270462350
125670127
136227
49725032
234323568
57568304
91064725
415910
190584607
156206165
159284536
5908655
96102581
32992440
326556486
113667715
294906347
46578895
74542179
338456
354938428
870816
353735710
94460
274738510
123284163
12408213
3500605
74066082
142940
101424530
218168
55520860
164711
359360304
182909
33508142
36520798
273471554
357463262
264005
8343600
188416
69491282
290532748
15191343
95839908
464206
19403293
131776292
380891727
268304438
5646477
285016769
894344
152765297
271623434
1226282
316428574
82649378
238990578
391417
327540194
371595430
207374
338201233
258168664
115748202
136605
361500550
331506704
539982343
115528306
274794338
2032736
13942840
351801370
169193753
192249
426798173
25500647
701699
417018929
357395
410561803
792612
367239841
196181
45826707
223847
239514279
121515147
274335811
247743766
383781853
379629499
46216299
1450783
1850850
227414000
678038
365617997
115792466
754288
124950428
170910395
241154
367208799
241086640
51992874
142309458
386244
38557703
1166917
139674192
313980749
144637
327683989
169454
91184458
270853093
301244548
220174
134510077
200174841
151647919
368228629
294933356
69711192
437106319
364511628
188402
158548613
878803521
125892130
185077384
20870150
386008521
365164065
492076
254330126
131262
42601947
211271
126908779
205363
129949325
107397078
1708105
247649
96913058
140385
412483368
246649489
64077788
143646341
67074637
860720
335413622
3636283
314913846
252081
218906463
197543
51634655
142036
272101111
91846425
681706
88153391
1512341
354341857
250930531
210852821
440316
170107231
96997424
267553
145979563
178739
380535850
413503895
281936847
9866763
77984381
434104
101612841
2279076
169154104
429174750
2663686
424759351
1594611
25750329
239140
166388991
20249901
401966310
6548670
5216418
11227676
185845167
323048843
199970403
133065824
173630069
107008673
351631
37607287
196807
444064558
2232957
89267646
457464
140173917
271076149
348725
212093077
314894994
90268
343443243
367243
103962411
66511456
349333417
164835757
346068
416167845
209770
152135941
276391005
342012
129580845
1005175
366081915
3508533
1016150
50034948
13080240
75071332
1269480
41124645
133402913
